{"C:\\Users\\bowen\\OneDrive\\Desktop\\GatewayRevamp\\server\\app\\controllers\\planner.js": {"path":"C:\\Users\\bowen\\OneDrive\\Desktop\\GatewayRevamp\\server\\app\\controllers\\planner.js","statementMap":{"0":{"start":{"line":2,"column":20},"end":{"line":2,"column":39}},"1":{"start":{"line":3,"column":18},"end":{"line":3,"column":20}},"2":{"start":{"line":4,"column":21},"end":{"line":4,"column":111}},"3":{"start":{"line":6,"column":26},"end":{"line":34,"column":1}},"4":{"start":{"line":8,"column":22},"end":{"line":8,"column":35}},"5":{"start":{"line":9,"column":23},"end":{"line":9,"column":25}},"6":{"start":{"line":10,"column":14},"end":{"line":10,"column":22}},"7":{"start":{"line":11,"column":2},"end":{"line":32,"column":3}},"8":{"start":{"line":13,"column":24},"end":{"line":13,"column":48}},"9":{"start":{"line":14,"column":22},"end":{"line":14,"column":53}},"10":{"start":{"line":17,"column":22},"end":{"line":17,"column":31}},"11":{"start":{"line":18,"column":24},"end":{"line":18,"column":35}},"12":{"start":{"line":19,"column":4},"end":{"line":31,"column":5}},"13":{"start":{"line":20,"column":23},"end":{"line":20,"column":78}},"14":{"start":{"line":21,"column":6},"end":{"line":21,"column":22}},"15":{"start":{"line":22,"column":6},"end":{"line":22,"column":33}},"16":{"start":{"line":25,"column":6},"end":{"line":30,"column":7}},"17":{"start":{"line":26,"column":8},"end":{"line":26,"column":27}},"18":{"start":{"line":27,"column":8},"end":{"line":27,"column":21}},"19":{"start":{"line":29,"column":8},"end":{"line":29,"column":27}},"20":{"start":{"line":33,"column":2},"end":{"line":33,"column":21}},"21":{"start":{"line":36,"column":0},"end":{"line":36,"column":45}},"22":{"start":{"line":38,"column":23},"end":{"line":54,"column":1}},"23":{"start":{"line":39,"column":16},"end":{"line":39,"column":28}},"24":{"start":{"line":40,"column":2},"end":{"line":52,"column":3}},"25":{"start":{"line":41,"column":21},"end":{"line":41,"column":74}},"26":{"start":{"line":42,"column":4},"end":{"line":42,"column":68}},"27":{"start":{"line":42,"column":56},"end":{"line":42,"column":66}},"28":{"start":{"line":43,"column":4},"end":{"line":51,"column":5}},"29":{"start":{"line":44,"column":26},"end":{"line":44,"column":171}},"30":{"start":{"line":44,"column":60},"end":{"line":44,"column":170}},"31":{"start":{"line":45,"column":6},"end":{"line":45,"column":109}},"32":{"start":{"line":45,"column":55},"end":{"line":45,"column":108}},"33":{"start":{"line":46,"column":6},"end":{"line":50,"column":8}},"34":{"start":{"line":47,"column":8},"end":{"line":49,"column":9}},"35":{"start":{"line":48,"column":10},"end":{"line":48,"column":54}},"36":{"start":{"line":53,"column":2},"end":{"line":53,"column":16}},"37":{"start":{"line":56,"column":0},"end":{"line":56,"column":39}},"38":{"start":{"line":58,"column":0},"end":{"line":80,"column":1}},"39":{"start":{"line":59,"column":13},"end":{"line":59,"column":28}},"40":{"start":{"line":60,"column":36},"end":{"line":60,"column":44}},"41":{"start":{"line":61,"column":17},"end":{"line":61,"column":27}},"42":{"start":{"line":63,"column":2},"end":{"line":79,"column":3}},"43":{"start":{"line":64,"column":23},"end":{"line":64,"column":54}},"44":{"start":{"line":65,"column":16},"end":{"line":65,"column":101}},"45":{"start":{"line":66,"column":4},"end":{"line":66,"column":56}},"46":{"start":{"line":67,"column":4},"end":{"line":67,"column":92}},"47":{"start":{"line":68,"column":4},"end":{"line":75,"column":5}},"48":{"start":{"line":69,"column":6},"end":{"line":69,"column":45}},"49":{"start":{"line":70,"column":22},"end":{"line":70,"column":53}},"50":{"start":{"line":71,"column":6},"end":{"line":71,"column":122}},"51":{"start":{"line":73,"column":6},"end":{"line":73,"column":66}},"52":{"start":{"line":74,"column":6},"end":{"line":74,"column":22}},"53":{"start":{"line":77,"column":4},"end":{"line":77,"column":50}},"54":{"start":{"line":78,"column":4},"end":{"line":78,"column":20}},"55":{"start":{"line":82,"column":28},"end":{"line":96,"column":1}},"56":{"start":{"line":83,"column":13},"end":{"line":83,"column":28}},"57":{"start":{"line":84,"column":29},"end":{"line":84,"column":143}},"58":{"start":{"line":84,"column":67},"end":{"line":84,"column":142}},"59":{"start":{"line":84,"column":105},"end":{"line":84,"column":130}},"60":{"start":{"line":85,"column":2},"end":{"line":95,"column":3}},"61":{"start":{"line":86,"column":4},"end":{"line":92,"column":5}},"62":{"start":{"line":87,"column":20},"end":{"line":87,"column":100}},"63":{"start":{"line":88,"column":21},"end":{"line":88,"column":71}},"64":{"start":{"line":89,"column":6},"end":{"line":89,"column":93}},"65":{"start":{"line":91,"column":6},"end":{"line":91,"column":34}},"66":{"start":{"line":94,"column":4},"end":{"line":94,"column":88}},"67":{"start":{"line":97,"column":0},"end":{"line":97,"column":49}},"68":{"start":{"line":99,"column":26},"end":{"line":114,"column":1}},"69":{"start":{"line":100,"column":2},"end":{"line":113,"column":3}},"70":{"start":{"line":101,"column":15},"end":{"line":101,"column":30}},"71":{"start":{"line":102,"column":18},"end":{"line":102,"column":71}},"72":{"start":{"line":103,"column":20},"end":{"line":103,"column":49}},"73":{"start":{"line":105,"column":4},"end":{"line":110,"column":5}},"74":{"start":{"line":106,"column":28},"end":{"line":106,"column":57}},"75":{"start":{"line":107,"column":6},"end":{"line":107,"column":51}},"76":{"start":{"line":109,"column":6},"end":{"line":109,"column":40}},"77":{"start":{"line":112,"column":4},"end":{"line":112,"column":24}},"78":{"start":{"line":116,"column":0},"end":{"line":116,"column":45}},"79":{"start":{"line":118,"column":0},"end":{"line":135,"column":1}},"80":{"start":{"line":119,"column":40},"end":{"line":119,"column":48}},"81":{"start":{"line":120,"column":17},"end":{"line":120,"column":27}},"82":{"start":{"line":121,"column":21},"end":{"line":121,"column":52}},"83":{"start":{"line":122,"column":2},"end":{"line":134,"column":3}},"84":{"start":{"line":123,"column":4},"end":{"line":131,"column":5}},"85":{"start":{"line":124,"column":6},"end":{"line":126,"column":9}},"86":{"start":{"line":125,"column":8},"end":{"line":125,"column":76}},"87":{"start":{"line":127,"column":22},"end":{"line":127,"column":53}},"88":{"start":{"line":128,"column":6},"end":{"line":128,"column":134}},"89":{"start":{"line":130,"column":6},"end":{"line":130,"column":66}},"90":{"start":{"line":133,"column":4},"end":{"line":133,"column":129}},"91":{"start":{"line":137,"column":19},"end":{"line":149,"column":1}},"92":{"start":{"line":138,"column":2},"end":{"line":148,"column":3}},"93":{"start":{"line":139,"column":15},"end":{"line":139,"column":30}},"94":{"start":{"line":140,"column":18},"end":{"line":143,"column":100}},"95":{"start":{"line":144,"column":16},"end":{"line":144,"column":35}},"96":{"start":{"line":145,"column":4},"end":{"line":145,"column":14}},"97":{"start":{"line":147,"column":4},"end":{"line":147,"column":32}},"98":{"start":{"line":151,"column":24},"end":{"line":178,"column":1}},"99":{"start":{"line":152,"column":21},"end":{"line":152,"column":23}},"100":{"start":{"line":153,"column":18},"end":{"line":153,"column":36}},"101":{"start":{"line":155,"column":2},"end":{"line":176,"column":3}},"102":{"start":{"line":156,"column":97},"end":{"line":156,"column":100}},"103":{"start":{"line":157,"column":4},"end":{"line":175,"column":5}},"104":{"start":{"line":158,"column":22},"end":{"line":158,"column":50}},"105":{"start":{"line":159,"column":6},"end":{"line":163,"column":7}},"106":{"start":{"line":165,"column":6},"end":{"line":174,"column":7}},"107":{"start":{"line":177,"column":2},"end":{"line":177,"column":19}},"108":{"start":{"line":180,"column":0},"end":{"line":180,"column":41}},"109":{"start":{"line":182,"column":24},"end":{"line":197,"column":1}},"110":{"start":{"line":183,"column":2},"end":{"line":196,"column":3}},"111":{"start":{"line":184,"column":15},"end":{"line":184,"column":30}},"112":{"start":{"line":185,"column":18},"end":{"line":185,"column":55}},"113":{"start":{"line":186,"column":16},"end":{"line":186,"column":45}},"114":{"start":{"line":188,"column":4},"end":{"line":192,"column":5}},"115":{"start":{"line":189,"column":6},"end":{"line":189,"column":46}},"116":{"start":{"line":191,"column":6},"end":{"line":191,"column":19}},"117":{"start":{"line":193,"column":4},"end":{"line":193,"column":19}},"118":{"start":{"line":195,"column":4},"end":{"line":195,"column":32}},"119":{"start":{"line":199,"column":0},"end":{"line":199,"column":41}},"120":{"start":{"line":201,"column":0},"end":{"line":218,"column":1}},"121":{"start":{"line":202,"column":17},"end":{"line":202,"column":27}},"122":{"start":{"line":203,"column":2},"end":{"line":203,"column":39}},"123":{"start":{"line":204,"column":2},"end":{"line":217,"column":3}},"124":{"start":{"line":205,"column":17},"end":{"line":205,"column":40}},"125":{"start":{"line":206,"column":25},"end":{"line":206,"column":54}},"126":{"start":{"line":207,"column":4},"end":{"line":207,"column":47}},"127":{"start":{"line":208,"column":4},"end":{"line":214,"column":5}},"128":{"start":{"line":209,"column":23},"end":{"line":209,"column":63}},"129":{"start":{"line":210,"column":6},"end":{"line":210,"column":27}},"130":{"start":{"line":211,"column":6},"end":{"line":211,"column":83}},"131":{"start":{"line":213,"column":6},"end":{"line":213,"column":103}},"132":{"start":{"line":216,"column":4},"end":{"line":216,"column":74}},"133":{"start":{"line":221,"column":18},"end":{"line":230,"column":1}},"134":{"start":{"line":222,"column":2},"end":{"line":229,"column":3}},"135":{"start":{"line":223,"column":15},"end":{"line":223,"column":30}},"136":{"start":{"line":224,"column":18},"end":{"line":224,"column":71}},"137":{"start":{"line":225,"column":16},"end":{"line":225,"column":45}},"138":{"start":{"line":226,"column":4},"end":{"line":226,"column":14}},"139":{"start":{"line":228,"column":4},"end":{"line":228,"column":32}},"140":{"start":{"line":232,"column":0},"end":{"line":232,"column":29}}},"fnMap":{"0":{"name":"(anonymous_0)","decl":{"start":{"line":6,"column":26},"end":{"line":6,"column":27}},"loc":{"start":{"line":6,"column":48},"end":{"line":34,"column":1}},"line":6},"1":{"name":"(anonymous_1)","decl":{"start":{"line":38,"column":23},"end":{"line":38,"column":24}},"loc":{"start":{"line":38,"column":55},"end":{"line":54,"column":1}},"line":38},"2":{"name":"(anonymous_2)","decl":{"start":{"line":42,"column":46},"end":{"line":42,"column":47}},"loc":{"start":{"line":42,"column":56},"end":{"line":42,"column":66}},"line":42},"3":{"name":"(anonymous_3)","decl":{"start":{"line":44,"column":45},"end":{"line":44,"column":46}},"loc":{"start":{"line":44,"column":60},"end":{"line":44,"column":170}},"line":44},"4":{"name":"(anonymous_4)","decl":{"start":{"line":45,"column":40},"end":{"line":45,"column":41}},"loc":{"start":{"line":45,"column":55},"end":{"line":45,"column":108}},"line":45},"5":{"name":"(anonymous_5)","decl":{"start":{"line":46,"column":28},"end":{"line":46,"column":29}},"loc":{"start":{"line":46,"column":45},"end":{"line":50,"column":7}},"line":46},"6":{"name":"(anonymous_6)","decl":{"start":{"line":58,"column":23},"end":{"line":58,"column":24}},"loc":{"start":{"line":58,"column":43},"end":{"line":80,"column":1}},"line":58},"7":{"name":"(anonymous_7)","decl":{"start":{"line":82,"column":28},"end":{"line":82,"column":29}},"loc":{"start":{"line":82,"column":77},"end":{"line":96,"column":1}},"line":82},"8":{"name":"(anonymous_8)","decl":{"start":{"line":84,"column":58},"end":{"line":84,"column":59}},"loc":{"start":{"line":84,"column":67},"end":{"line":84,"column":142}},"line":84},"9":{"name":"(anonymous_9)","decl":{"start":{"line":84,"column":88},"end":{"line":84,"column":89}},"loc":{"start":{"line":84,"column":105},"end":{"line":84,"column":130}},"line":84},"10":{"name":"(anonymous_10)","decl":{"start":{"line":99,"column":26},"end":{"line":99,"column":27}},"loc":{"start":{"line":99,"column":44},"end":{"line":114,"column":1}},"line":99},"11":{"name":"(anonymous_11)","decl":{"start":{"line":118,"column":21},"end":{"line":118,"column":22}},"loc":{"start":{"line":118,"column":41},"end":{"line":135,"column":1}},"line":118},"12":{"name":"(anonymous_12)","decl":{"start":{"line":124,"column":41},"end":{"line":124,"column":42}},"loc":{"start":{"line":124,"column":61},"end":{"line":126,"column":7}},"line":124},"13":{"name":"(anonymous_13)","decl":{"start":{"line":137,"column":19},"end":{"line":137,"column":20}},"loc":{"start":{"line":137,"column":31},"end":{"line":149,"column":1}},"line":137},"14":{"name":"(anonymous_14)","decl":{"start":{"line":151,"column":24},"end":{"line":151,"column":25}},"loc":{"start":{"line":151,"column":36},"end":{"line":178,"column":1}},"line":151},"15":{"name":"(anonymous_15)","decl":{"start":{"line":182,"column":24},"end":{"line":182,"column":25}},"loc":{"start":{"line":182,"column":42},"end":{"line":197,"column":1}},"line":182},"16":{"name":"(anonymous_16)","decl":{"start":{"line":201,"column":20},"end":{"line":201,"column":21}},"loc":{"start":{"line":201,"column":40},"end":{"line":218,"column":1}},"line":201},"17":{"name":"(anonymous_17)","decl":{"start":{"line":221,"column":18},"end":{"line":221,"column":19}},"loc":{"start":{"line":221,"column":36},"end":{"line":230,"column":1}},"line":221}},"branchMap":{"0":{"loc":{"start":{"line":11,"column":2},"end":{"line":32,"column":3}},"type":"if","locations":[{"start":{"line":11,"column":2},"end":{"line":32,"column":3}},{"start":{},"end":{}}],"line":11},"1":{"loc":{"start":{"line":11,"column":6},"end":{"line":11,"column":60}},"type":"binary-expr","locations":[{"start":{"line":11,"column":6},"end":{"line":11,"column":32}},{"start":{"line":11,"column":36},"end":{"line":11,"column":60}}],"line":11},"2":{"loc":{"start":{"line":25,"column":6},"end":{"line":30,"column":7}},"type":"if","locations":[{"start":{"line":25,"column":6},"end":{"line":30,"column":7}},{"start":{"line":28,"column":13},"end":{"line":30,"column":7}}],"line":25},"3":{"loc":{"start":{"line":40,"column":2},"end":{"line":52,"column":3}},"type":"if","locations":[{"start":{"line":40,"column":2},"end":{"line":52,"column":3}},{"start":{},"end":{}}],"line":40},"4":{"loc":{"start":{"line":40,"column":6},"end":{"line":40,"column":49}},"type":"binary-expr","locations":[{"start":{"line":40,"column":6},"end":{"line":40,"column":19}},{"start":{"line":40,"column":23},"end":{"line":40,"column":49}}],"line":40},"5":{"loc":{"start":{"line":43,"column":4},"end":{"line":51,"column":5}},"type":"if","locations":[{"start":{"line":43,"column":4},"end":{"line":51,"column":5}},{"start":{},"end":{}}],"line":43},"6":{"loc":{"start":{"line":43,"column":8},"end":{"line":43,"column":60}},"type":"binary-expr","locations":[{"start":{"line":43,"column":8},"end":{"line":43,"column":19}},{"start":{"line":43,"column":23},"end":{"line":43,"column":45}},{"start":{"line":43,"column":49},"end":{"line":43,"column":60}}],"line":43},"7":{"loc":{"start":{"line":44,"column":60},"end":{"line":44,"column":170}},"type":"binary-expr","locations":[{"start":{"line":44,"column":60},"end":{"line":44,"column":69}},{"start":{"line":44,"column":73},"end":{"line":44,"column":91}},{"start":{"line":44,"column":95},"end":{"line":44,"column":113}},{"start":{"line":44,"column":117},"end":{"line":44,"column":170}}],"line":44},"8":{"loc":{"start":{"line":47,"column":8},"end":{"line":49,"column":9}},"type":"if","locations":[{"start":{"line":47,"column":8},"end":{"line":49,"column":9}},{"start":{},"end":{}}],"line":47},"9":{"loc":{"start":{"line":85,"column":2},"end":{"line":95,"column":3}},"type":"if","locations":[{"start":{"line":85,"column":2},"end":{"line":95,"column":3}},{"start":{"line":93,"column":9},"end":{"line":95,"column":3}}],"line":85},"10":{"loc":{"start":{"line":105,"column":4},"end":{"line":110,"column":5}},"type":"if","locations":[{"start":{"line":105,"column":4},"end":{"line":110,"column":5}},{"start":{"line":108,"column":11},"end":{"line":110,"column":5}}],"line":105},"11":{"loc":{"start":{"line":122,"column":2},"end":{"line":134,"column":3}},"type":"if","locations":[{"start":{"line":122,"column":2},"end":{"line":134,"column":3}},{"start":{"line":132,"column":9},"end":{"line":134,"column":3}}],"line":122},"12":{"loc":{"start":{"line":122,"column":6},"end":{"line":122,"column":112}},"type":"binary-expr","locations":[{"start":{"line":122,"column":6},"end":{"line":122,"column":51}},{"start":{"line":122,"column":55},"end":{"line":122,"column":112}}],"line":122},"13":{"loc":{"start":{"line":157,"column":4},"end":{"line":175,"column":5}},"type":"if","locations":[{"start":{"line":157,"column":4},"end":{"line":175,"column":5}},{"start":{"line":164,"column":11},"end":{"line":175,"column":5}}],"line":157},"14":{"loc":{"start":{"line":161,"column":15},"end":{"line":161,"column":84}},"type":"cond-expr","locations":[{"start":{"line":161,"column":30},"end":{"line":161,"column":61}},{"start":{"line":161,"column":64},"end":{"line":161,"column":84}}],"line":161},"15":{"loc":{"start":{"line":162,"column":23},"end":{"line":162,"column":99}},"type":"cond-expr","locations":[{"start":{"line":162,"column":69},"end":{"line":162,"column":89}},{"start":{"line":162,"column":92},"end":{"line":162,"column":99}}],"line":162},"16":{"loc":{"start":{"line":162,"column":23},"end":{"line":162,"column":66}},"type":"binary-expr","locations":[{"start":{"line":162,"column":23},"end":{"line":162,"column":37}},{"start":{"line":162,"column":41},"end":{"line":162,"column":66}}],"line":162},"17":{"loc":{"start":{"line":167,"column":15},"end":{"line":167,"column":41}},"type":"cond-expr","locations":[{"start":{"line":167,"column":30},"end":{"line":167,"column":36}},{"start":{"line":167,"column":39},"end":{"line":167,"column":41}}],"line":167},"18":{"loc":{"start":{"line":173,"column":23},"end":{"line":173,"column":53}},"type":"cond-expr","locations":[{"start":{"line":173,"column":40},"end":{"line":173,"column":48}},{"start":{"line":173,"column":51},"end":{"line":173,"column":53}}],"line":173},"19":{"loc":{"start":{"line":188,"column":4},"end":{"line":192,"column":5}},"type":"if","locations":[{"start":{"line":188,"column":4},"end":{"line":192,"column":5}},{"start":{"line":190,"column":11},"end":{"line":192,"column":5}}],"line":188},"20":{"loc":{"start":{"line":188,"column":8},"end":{"line":188,"column":44}},"type":"binary-expr","locations":[{"start":{"line":188,"column":8},"end":{"line":188,"column":11}},{"start":{"line":188,"column":15},"end":{"line":188,"column":28}},{"start":{"line":188,"column":32},"end":{"line":188,"column":44}}],"line":188},"21":{"loc":{"start":{"line":204,"column":2},"end":{"line":217,"column":3}},"type":"if","locations":[{"start":{"line":204,"column":2},"end":{"line":217,"column":3}},{"start":{"line":215,"column":9},"end":{"line":217,"column":3}}],"line":204},"22":{"loc":{"start":{"line":208,"column":4},"end":{"line":214,"column":5}},"type":"if","locations":[{"start":{"line":208,"column":4},"end":{"line":214,"column":5}},{"start":{"line":212,"column":11},"end":{"line":214,"column":5}}],"line":208},"23":{"loc":{"start":{"line":208,"column":8},"end":{"line":208,"column":49}},"type":"binary-expr","locations":[{"start":{"line":208,"column":8},"end":{"line":208,"column":20}},{"start":{"line":208,"column":24},"end":{"line":208,"column":49}}],"line":208}},"s":{"0":2,"1":2,"2":2,"3":2,"4":6,"5":6,"6":6,"7":6,"8":6,"9":6,"10":6,"11":6,"12":6,"13":45,"14":45,"15":45,"16":45,"17":23,"18":23,"19":22,"20":6,"21":2,"22":2,"23":5,"24":5,"25":4,"26":4,"27":32,"28":4,"29":4,"30":20,"31":4,"32":13,"33":4,"34":13,"35":13,"36":5,"37":2,"38":2,"39":0,"40":0,"41":0,"42":0,"43":0,"44":0,"45":0,"46":0,"47":0,"48":0,"49":0,"50":0,"51":0,"52":0,"53":0,"54":0,"55":2,"56":11,"57":11,"58":40,"59":1,"60":11,"61":10,"62":10,"63":10,"64":10,"65":0,"66":1,"67":2,"68":2,"69":4,"70":4,"71":4,"72":4,"73":4,"74":4,"75":4,"76":0,"77":0,"78":2,"79":2,"80":1,"81":1,"82":1,"83":1,"84":1,"85":1,"86":2,"87":1,"88":1,"89":0,"90":0,"91":2,"92":2,"93":2,"94":2,"95":2,"96":2,"97":0,"98":2,"99":2,"100":2,"101":2,"102":98,"103":98,"104":36,"105":36,"106":62,"107":2,"108":2,"109":2,"110":6,"111":6,"112":6,"113":6,"114":6,"115":5,"116":1,"117":6,"118":0,"119":2,"120":2,"121":1,"122":1,"123":1,"124":1,"125":1,"126":1,"127":1,"128":1,"129":1,"130":1,"131":0,"132":0,"133":2,"134":3,"135":3,"136":3,"137":3,"138":3,"139":0,"140":2},"f":{"0":6,"1":5,"2":32,"3":20,"4":13,"5":13,"6":0,"7":11,"8":40,"9":1,"10":4,"11":1,"12":2,"13":2,"14":2,"15":6,"16":1,"17":3},"b":{"0":[6,0],"1":[6,6],"2":[23,22],"3":[4,1],"4":[5,5],"5":[4,0],"6":[4,4,4],"7":[20,20,20,20],"8":[13,0],"9":[10,1],"10":[4,0],"11":[1,0],"12":[1,1],"13":[36,62],"14":[32,4],"15":[6,30],"16":[36,10],"17":[44,18],"18":[32,30],"19":[5,1],"20":[6,5,5],"21":[1,0],"22":[1,0],"23":[1,1]},"_coverageSchema":"1a1c01bbd47fc00a2c39e90264f33305004495a9","hash":"515a017fba71335ff928c89ac450e06ca253990f"}
,"C:\\Users\\bowen\\OneDrive\\Desktop\\GatewayRevamp\\server\\app\\controllers\\progress.js": {"path":"C:\\Users\\bowen\\OneDrive\\Desktop\\GatewayRevamp\\server\\app\\controllers\\progress.js","statementMap":{"0":{"start":{"line":2,"column":20},"end":{"line":2,"column":39}},"1":{"start":{"line":3,"column":14},"end":{"line":3,"column":62}},"2":{"start":{"line":4,"column":33},"end":{"line":4,"column":112}},"3":{"start":{"line":4,"column":72},"end":{"line":4,"column":106}},"4":{"start":{"line":12,"column":29},"end":{"line":21,"column":1}},"5":{"start":{"line":13,"column":2},"end":{"line":20,"column":3}},"6":{"start":{"line":14,"column":15},"end":{"line":14,"column":30}},"7":{"start":{"line":15,"column":18},"end":{"line":15,"column":100}},"8":{"start":{"line":16,"column":19},"end":{"line":16,"column":61}},"9":{"start":{"line":17,"column":4},"end":{"line":17,"column":31}},"10":{"start":{"line":19,"column":4},"end":{"line":19,"column":32}},"11":{"start":{"line":23,"column":0},"end":{"line":23,"column":51}},"12":{"start":{"line":25,"column":20},"end":{"line":37,"column":1}},"13":{"start":{"line":26,"column":2},"end":{"line":36,"column":3}},"14":{"start":{"line":27,"column":15},"end":{"line":27,"column":30}},"15":{"start":{"line":28,"column":18},"end":{"line":30,"column":46}},"16":{"start":{"line":31,"column":31},"end":{"line":31,"column":63}},"17":{"start":{"line":32,"column":4},"end":{"line":32,"column":29}},"18":{"start":{"line":34,"column":4},"end":{"line":34,"column":20}},"19":{"start":{"line":35,"column":4},"end":{"line":35,"column":22}},"20":{"start":{"line":39,"column":0},"end":{"line":39,"column":33}},"21":{"start":{"line":41,"column":23},"end":{"line":56,"column":1}},"22":{"start":{"line":42,"column":2},"end":{"line":55,"column":3}},"23":{"start":{"line":43,"column":15},"end":{"line":43,"column":30}},"24":{"start":{"line":44,"column":18},"end":{"line":44,"column":83}},"25":{"start":{"line":45,"column":28},"end":{"line":45,"column":60}},"26":{"start":{"line":46,"column":4},"end":{"line":51,"column":5}},"27":{"start":{"line":47,"column":30},"end":{"line":47,"column":160}},"28":{"start":{"line":47,"column":108},"end":{"line":47,"column":152}},"29":{"start":{"line":48,"column":6},"end":{"line":48,"column":28}},"30":{"start":{"line":50,"column":6},"end":{"line":50,"column":37}},"31":{"start":{"line":53,"column":4},"end":{"line":53,"column":20}},"32":{"start":{"line":54,"column":4},"end":{"line":54,"column":22}},"33":{"start":{"line":58,"column":0},"end":{"line":58,"column":39}},"34":{"start":{"line":63,"column":27},"end":{"line":72,"column":1}},"35":{"start":{"line":64,"column":2},"end":{"line":71,"column":3}},"36":{"start":{"line":65,"column":15},"end":{"line":65,"column":30}},"37":{"start":{"line":66,"column":18},"end":{"line":66,"column":90}},"38":{"start":{"line":67,"column":16},"end":{"line":67,"column":55}},"39":{"start":{"line":68,"column":4},"end":{"line":68,"column":25}},"40":{"start":{"line":70,"column":4},"end":{"line":70,"column":22}},"41":{"start":{"line":80,"column":0},"end":{"line":106,"column":1}},"42":{"start":{"line":81,"column":13},"end":{"line":81,"column":28}},"43":{"start":{"line":82,"column":31},"end":{"line":82,"column":39}},"44":{"start":{"line":83,"column":17},"end":{"line":83,"column":27}},"45":{"start":{"line":85,"column":2},"end":{"line":105,"column":3}},"46":{"start":{"line":86,"column":26},"end":{"line":86,"column":68}},"47":{"start":{"line":87,"column":32},"end":{"line":87,"column":60}},"48":{"start":{"line":88,"column":4},"end":{"line":101,"column":5}},"49":{"start":{"line":89,"column":29},"end":{"line":89,"column":73}},"50":{"start":{"line":90,"column":6},"end":{"line":96,"column":7}},"51":{"start":{"line":91,"column":28},"end":{"line":91,"column":118}},"52":{"start":{"line":92,"column":8},"end":{"line":92,"column":61}},"53":{"start":{"line":94,"column":28},"end":{"line":94,"column":118}},"54":{"start":{"line":95,"column":8},"end":{"line":95,"column":61}},"55":{"start":{"line":97,"column":26},"end":{"line":97,"column":54}},"56":{"start":{"line":98,"column":6},"end":{"line":98,"column":120}},"57":{"start":{"line":100,"column":6},"end":{"line":100,"column":140}},"58":{"start":{"line":103,"column":4},"end":{"line":103,"column":20}},"59":{"start":{"line":104,"column":4},"end":{"line":104,"column":42}},"60":{"start":{"line":108,"column":35},"end":{"line":125,"column":1}},"61":{"start":{"line":109,"column":2},"end":{"line":124,"column":3}},"62":{"start":{"line":110,"column":15},"end":{"line":110,"column":30}},"63":{"start":{"line":111,"column":18},"end":{"line":111,"column":72}},"64":{"start":{"line":112,"column":30},"end":{"line":112,"column":49}},"65":{"start":{"line":113,"column":4},"end":{"line":120,"column":5}},"66":{"start":{"line":114,"column":25},"end":{"line":114,"column":68}},"67":{"start":{"line":114,"column":51},"end":{"line":114,"column":67}},"68":{"start":{"line":115,"column":32},"end":{"line":115,"column":120}},"69":{"start":{"line":115,"column":79},"end":{"line":115,"column":119}},"70":{"start":{"line":116,"column":27},"end":{"line":116,"column":94}},"71":{"start":{"line":116,"column":67},"end":{"line":116,"column":90}},"72":{"start":{"line":117,"column":6},"end":{"line":117,"column":25}},"73":{"start":{"line":119,"column":6},"end":{"line":119,"column":14}},"74":{"start":{"line":122,"column":4},"end":{"line":122,"column":20}},"75":{"start":{"line":123,"column":4},"end":{"line":123,"column":22}},"76":{"start":{"line":127,"column":0},"end":{"line":127,"column":63}},"77":{"start":{"line":133,"column":22},"end":{"line":136,"column":1}},"78":{"start":{"line":134,"column":34},"end":{"line":134,"column":51}},"79":{"start":{"line":135,"column":2},"end":{"line":135,"column":47}},"80":{"start":{"line":138,"column":0},"end":{"line":138,"column":37}},"81":{"start":{"line":143,"column":33},"end":{"line":159,"column":1}},"82":{"start":{"line":144,"column":28},"end":{"line":144,"column":30}},"83":{"start":{"line":145,"column":2},"end":{"line":153,"column":3}},"84":{"start":{"line":146,"column":4},"end":{"line":152,"column":5}},"85":{"start":{"line":147,"column":6},"end":{"line":151,"column":7}},"86":{"start":{"line":148,"column":8},"end":{"line":148,"column":45}},"87":{"start":{"line":150,"column":8},"end":{"line":150,"column":44}},"88":{"start":{"line":154,"column":2},"end":{"line":158,"column":3}},"89":{"start":{"line":155,"column":4},"end":{"line":157,"column":5}},"90":{"start":{"line":156,"column":6},"end":{"line":156,"column":46}},"91":{"start":{"line":161,"column":0},"end":{"line":161,"column":59}},"92":{"start":{"line":166,"column":0},"end":{"line":182,"column":1}},"93":{"start":{"line":167,"column":20},"end":{"line":167,"column":30}},"94":{"start":{"line":168,"column":2},"end":{"line":181,"column":3}},"95":{"start":{"line":169,"column":21},"end":{"line":169,"column":49}},"96":{"start":{"line":170,"column":24},"end":{"line":170,"column":55}},"97":{"start":{"line":171,"column":4},"end":{"line":171,"column":51}},"98":{"start":{"line":172,"column":4},"end":{"line":177,"column":5}},"99":{"start":{"line":173,"column":27},"end":{"line":173,"column":69}},"100":{"start":{"line":174,"column":6},"end":{"line":174,"column":98}},"101":{"start":{"line":176,"column":6},"end":{"line":176,"column":89}},"102":{"start":{"line":179,"column":4},"end":{"line":179,"column":20}},"103":{"start":{"line":180,"column":4},"end":{"line":180,"column":50}}},"fnMap":{"0":{"name":"(anonymous_0)","decl":{"start":{"line":4,"column":46},"end":{"line":4,"column":47}},"loc":{"start":{"line":4,"column":72},"end":{"line":4,"column":106}},"line":4},"1":{"name":"(anonymous_1)","decl":{"start":{"line":12,"column":29},"end":{"line":12,"column":30}},"loc":{"start":{"line":12,"column":60},"end":{"line":21,"column":1}},"line":12},"2":{"name":"(anonymous_2)","decl":{"start":{"line":25,"column":20},"end":{"line":25,"column":21}},"loc":{"start":{"line":25,"column":41},"end":{"line":37,"column":1}},"line":25},"3":{"name":"(anonymous_3)","decl":{"start":{"line":41,"column":23},"end":{"line":41,"column":24}},"loc":{"start":{"line":41,"column":44},"end":{"line":56,"column":1}},"line":41},"4":{"name":"(anonymous_4)","decl":{"start":{"line":47,"column":87},"end":{"line":47,"column":88}},"loc":{"start":{"line":47,"column":108},"end":{"line":47,"column":152}},"line":47},"5":{"name":"(anonymous_5)","decl":{"start":{"line":63,"column":27},"end":{"line":63,"column":28}},"loc":{"start":{"line":63,"column":55},"end":{"line":72,"column":1}},"line":63},"6":{"name":"(anonymous_6)","decl":{"start":{"line":80,"column":21},"end":{"line":80,"column":22}},"loc":{"start":{"line":80,"column":41},"end":{"line":106,"column":1}},"line":80},"7":{"name":"(anonymous_7)","decl":{"start":{"line":108,"column":35},"end":{"line":108,"column":36}},"loc":{"start":{"line":108,"column":55},"end":{"line":125,"column":1}},"line":108},"8":{"name":"(anonymous_8)","decl":{"start":{"line":114,"column":38},"end":{"line":114,"column":39}},"loc":{"start":{"line":114,"column":51},"end":{"line":114,"column":67}},"line":114},"9":{"name":"(anonymous_9)","decl":{"start":{"line":115,"column":57},"end":{"line":115,"column":58}},"loc":{"start":{"line":115,"column":79},"end":{"line":115,"column":119}},"line":115},"10":{"name":"(anonymous_10)","decl":{"start":{"line":116,"column":52},"end":{"line":116,"column":53}},"loc":{"start":{"line":116,"column":67},"end":{"line":116,"column":90}},"line":116},"11":{"name":"(anonymous_11)","decl":{"start":{"line":133,"column":22},"end":{"line":133,"column":23}},"loc":{"start":{"line":133,"column":30},"end":{"line":136,"column":1}},"line":133},"12":{"name":"(anonymous_12)","decl":{"start":{"line":143,"column":33},"end":{"line":143,"column":34}},"loc":{"start":{"line":143,"column":60},"end":{"line":159,"column":1}},"line":143},"13":{"name":"(anonymous_13)","decl":{"start":{"line":166,"column":27},"end":{"line":166,"column":28}},"loc":{"start":{"line":166,"column":47},"end":{"line":182,"column":1}},"line":166}},"branchMap":{"0":{"loc":{"start":{"line":46,"column":4},"end":{"line":51,"column":5}},"type":"if","locations":[{"start":{"line":46,"column":4},"end":{"line":51,"column":5}},{"start":{"line":49,"column":11},"end":{"line":51,"column":5}}],"line":46},"1":{"loc":{"start":{"line":46,"column":8},"end":{"line":46,"column":53}},"type":"binary-expr","locations":[{"start":{"line":46,"column":8},"end":{"line":46,"column":23}},{"start":{"line":46,"column":27},"end":{"line":46,"column":53}}],"line":46},"2":{"loc":{"start":{"line":88,"column":4},"end":{"line":101,"column":5}},"type":"if","locations":[{"start":{"line":88,"column":4},"end":{"line":101,"column":5}},{"start":{"line":99,"column":11},"end":{"line":101,"column":5}}],"line":88},"3":{"loc":{"start":{"line":90,"column":6},"end":{"line":96,"column":7}},"type":"if","locations":[{"start":{"line":90,"column":6},"end":{"line":96,"column":7}},{"start":{"line":93,"column":13},"end":{"line":96,"column":7}}],"line":90},"4":{"loc":{"start":{"line":113,"column":4},"end":{"line":120,"column":5}},"type":"if","locations":[{"start":{"line":113,"column":4},"end":{"line":120,"column":5}},{"start":{"line":118,"column":11},"end":{"line":120,"column":5}}],"line":113},"5":{"loc":{"start":{"line":146,"column":4},"end":{"line":152,"column":5}},"type":"if","locations":[{"start":{"line":146,"column":4},"end":{"line":152,"column":5}},{"start":{},"end":{}}],"line":146},"6":{"loc":{"start":{"line":146,"column":8},"end":{"line":146,"column":49}},"type":"binary-expr","locations":[{"start":{"line":146,"column":8},"end":{"line":146,"column":19}},{"start":{"line":146,"column":23},"end":{"line":146,"column":49}}],"line":146},"7":{"loc":{"start":{"line":147,"column":6},"end":{"line":151,"column":7}},"type":"if","locations":[{"start":{"line":147,"column":6},"end":{"line":151,"column":7}},{"start":{"line":149,"column":13},"end":{"line":151,"column":7}}],"line":147},"8":{"loc":{"start":{"line":155,"column":4},"end":{"line":157,"column":5}},"type":"if","locations":[{"start":{"line":155,"column":4},"end":{"line":157,"column":5}},{"start":{},"end":{}}],"line":155},"9":{"loc":{"start":{"line":155,"column":8},"end":{"line":155,"column":92}},"type":"binary-expr","locations":[{"start":{"line":155,"column":8},"end":{"line":155,"column":19}},{"start":{"line":155,"column":24},"end":{"line":155,"column":51}},{"start":{"line":155,"column":55},"end":{"line":155,"column":91}}],"line":155},"10":{"loc":{"start":{"line":172,"column":4},"end":{"line":177,"column":5}},"type":"if","locations":[{"start":{"line":172,"column":4},"end":{"line":177,"column":5}},{"start":{"line":175,"column":11},"end":{"line":177,"column":5}}],"line":172},"11":{"loc":{"start":{"line":172,"column":8},"end":{"line":172,"column":102}},"type":"binary-expr","locations":[{"start":{"line":172,"column":8},"end":{"line":172,"column":16}},{"start":{"line":172,"column":20},"end":{"line":172,"column":31}},{"start":{"line":172,"column":35},"end":{"line":172,"column":65}},{"start":{"line":172,"column":69},"end":{"line":172,"column":102}}],"line":172}},"s":{"0":1,"1":1,"2":1,"3":14,"4":1,"5":2,"6":2,"7":2,"8":2,"9":2,"10":0,"11":1,"12":1,"13":3,"14":3,"15":3,"16":3,"17":3,"18":0,"19":0,"20":1,"21":1,"22":7,"23":7,"24":7,"25":7,"26":7,"27":0,"28":0,"29":0,"30":7,"31":0,"32":0,"33":1,"34":1,"35":4,"36":4,"37":4,"38":4,"39":4,"40":0,"41":1,"42":4,"43":4,"44":4,"45":4,"46":4,"47":4,"48":4,"49":0,"50":0,"51":0,"52":0,"53":0,"54":0,"55":0,"56":0,"57":4,"58":0,"59":0,"60":1,"61":3,"62":3,"63":3,"64":3,"65":3,"66":3,"67":29,"68":3,"69":93,"70":3,"71":5,"72":3,"73":0,"74":0,"75":0,"76":1,"77":1,"78":63,"79":63,"80":1,"81":1,"82":3,"83":3,"84":32,"85":6,"86":3,"87":3,"88":3,"89":32,"90":24,"91":1,"92":1,"93":1,"94":1,"95":1,"96":1,"97":1,"98":1,"99":1,"100":1,"101":0,"102":0,"103":0},"f":{"0":14,"1":2,"2":3,"3":7,"4":0,"5":4,"6":4,"7":3,"8":29,"9":93,"10":5,"11":63,"12":3,"13":1},"b":{"0":[0,7],"1":[7,7],"2":[0,4],"3":[0,0],"4":[3,0],"5":[6,26],"6":[32,29],"7":[3,3],"8":[24,8],"9":[32,29,6],"10":[1,0],"11":[1,1,1,1]},"_coverageSchema":"1a1c01bbd47fc00a2c39e90264f33305004495a9","hash":"981cd7665649cb9b01345d5c6d5079f774fa5538"}
,"C:\\Users\\bowen\\OneDrive\\Desktop\\GatewayRevamp\\server\\app\\controllers\\refresh-token.js": {"path":"C:\\Users\\bowen\\OneDrive\\Desktop\\GatewayRevamp\\server\\app\\controllers\\refresh-token.js","statementMap":{"0":{"start":{"line":1,"column":19},"end":{"line":1,"column":51}},"1":{"start":{"line":2,"column":23},"end":{"line":2,"column":38}},"2":{"start":{"line":5,"column":0},"end":{"line":13,"column":1}},"3":{"start":{"line":6,"column":20},"end":{"line":6,"column":30}},"4":{"start":{"line":7,"column":2},"end":{"line":7,"column":80}},"5":{"start":{"line":9,"column":17},"end":{"line":9,"column":25}},"6":{"start":{"line":12,"column":2},"end":{"line":12,"column":15}}},"fnMap":{"0":{"name":"(anonymous_0)","decl":{"start":{"line":5,"column":22},"end":{"line":5,"column":23}},"loc":{"start":{"line":5,"column":32},"end":{"line":13,"column":1}},"line":5}},"branchMap":{},"s":{"0":2,"1":2,"2":2,"3":1,"4":1,"5":1,"6":1},"f":{"0":1},"b":{},"_coverageSchema":"1a1c01bbd47fc00a2c39e90264f33305004495a9","hash":"f1940ac5c65571536cee441b79470247e9fbde88"}
,"C:\\Users\\bowen\\OneDrive\\Desktop\\GatewayRevamp\\server\\app\\controllers\\user-auth.js": {"path":"C:\\Users\\bowen\\OneDrive\\Desktop\\GatewayRevamp\\server\\app\\controllers\\user-auth.js","statementMap":{"0":{"start":{"line":1,"column":12},"end":{"line":1,"column":35}},"1":{"start":{"line":2,"column":15},"end":{"line":2,"column":34}},"2":{"start":{"line":3,"column":15},"end":{"line":3,"column":47}},"3":{"start":{"line":4,"column":24},"end":{"line":4,"column":50}},"4":{"start":{"line":5,"column":20},"end":{"line":5,"column":39}},"5":{"start":{"line":6,"column":18},"end":{"line":6,"column":70}},"6":{"start":{"line":7,"column":15},"end":{"line":7,"column":64}},"7":{"start":{"line":12,"column":22},"end":{"line":16,"column":1}},"8":{"start":{"line":13,"column":21},"end":{"line":13,"column":194}},"9":{"start":{"line":14,"column":24},"end":{"line":14,"column":90}},"10":{"start":{"line":15,"column":2},"end":{"line":15,"column":37}},"11":{"start":{"line":19,"column":29},"end":{"line":29,"column":1}},"12":{"start":{"line":20,"column":21},"end":{"line":20,"column":194}},"13":{"start":{"line":21,"column":24},"end":{"line":21,"column":90}},"14":{"start":{"line":22,"column":21},"end":{"line":22,"column":53}},"15":{"start":{"line":23,"column":21},"end":{"line":23,"column":53}},"16":{"start":{"line":24,"column":24},"end":{"line":24,"column":73}},"17":{"start":{"line":25,"column":25},"end":{"line":25,"column":76}},"18":{"start":{"line":26,"column":21},"end":{"line":26,"column":61}},"19":{"start":{"line":27,"column":24},"end":{"line":27,"column":77}},"20":{"start":{"line":28,"column":2},"end":{"line":28,"column":130}},"21":{"start":{"line":31,"column":0},"end":{"line":76,"column":1}},"22":{"start":{"line":32,"column":28},"end":{"line":32,"column":51}},"23":{"start":{"line":34,"column":13},"end":{"line":34,"column":28}},"24":{"start":{"line":35,"column":2},"end":{"line":75,"column":3}},"25":{"start":{"line":36,"column":4},"end":{"line":71,"column":5}},"26":{"start":{"line":37,"column":18},"end":{"line":37,"column":58}},"27":{"start":{"line":38,"column":19},"end":{"line":38,"column":47}},"28":{"start":{"line":39,"column":6},"end":{"line":68,"column":7}},"29":{"start":{"line":40,"column":26},"end":{"line":40,"column":33}},"30":{"start":{"line":41,"column":8},"end":{"line":65,"column":9}},"31":{"start":{"line":42,"column":34},"end":{"line":42,"column":82}},"32":{"start":{"line":43,"column":10},"end":{"line":62,"column":11}},"33":{"start":{"line":44,"column":12},"end":{"line":44,"column":66}},"34":{"start":{"line":46,"column":12},"end":{"line":46,"column":69}},"35":{"start":{"line":47,"column":27},"end":{"line":47,"column":39}},"36":{"start":{"line":48,"column":26},"end":{"line":48,"column":102}},"37":{"start":{"line":49,"column":33},"end":{"line":49,"column":52}},"38":{"start":{"line":50,"column":26},"end":{"line":50,"column":119}},"39":{"start":{"line":51,"column":12},"end":{"line":51,"column":30}},"40":{"start":{"line":52,"column":12},"end":{"line":61,"column":14}},"41":{"start":{"line":64,"column":10},"end":{"line":64,"column":64}},"42":{"start":{"line":67,"column":8},"end":{"line":67,"column":76}},"43":{"start":{"line":70,"column":6},"end":{"line":70,"column":60}},"44":{"start":{"line":73,"column":4},"end":{"line":73,"column":20}},"45":{"start":{"line":74,"column":4},"end":{"line":74,"column":50}},"46":{"start":{"line":78,"column":0},"end":{"line":99,"column":1}},"47":{"start":{"line":79,"column":82},"end":{"line":79,"column":90}},"48":{"start":{"line":82,"column":13},"end":{"line":82,"column":28}},"49":{"start":{"line":84,"column":28},"end":{"line":84,"column":56}},"50":{"start":{"line":85,"column":2},"end":{"line":98,"column":3}},"51":{"start":{"line":86,"column":4},"end":{"line":94,"column":5}},"52":{"start":{"line":87,"column":18},"end":{"line":87,"column":132}},"53":{"start":{"line":88,"column":27},"end":{"line":88,"column":119}},"54":{"start":{"line":89,"column":6},"end":{"line":89,"column":76}},"55":{"start":{"line":90,"column":6},"end":{"line":90,"column":55}},"56":{"start":{"line":91,"column":6},"end":{"line":91,"column":84}},"57":{"start":{"line":93,"column":6},"end":{"line":93,"column":74}},"58":{"start":{"line":96,"column":4},"end":{"line":96,"column":20}},"59":{"start":{"line":97,"column":4},"end":{"line":97,"column":64}},"60":{"start":{"line":101,"column":0},"end":{"line":107,"column":1}},"61":{"start":{"line":103,"column":41},"end":{"line":103,"column":49}},"62":{"start":{"line":104,"column":2},"end":{"line":106,"column":3}},"63":{"start":{"line":105,"column":4},"end":{"line":105,"column":73}}},"fnMap":{"0":{"name":"(anonymous_0)","decl":{"start":{"line":12,"column":22},"end":{"line":12,"column":23}},"loc":{"start":{"line":12,"column":43},"end":{"line":16,"column":1}},"line":12},"1":{"name":"(anonymous_1)","decl":{"start":{"line":19,"column":29},"end":{"line":19,"column":30}},"loc":{"start":{"line":19,"column":102},"end":{"line":29,"column":1}},"line":19},"2":{"name":"(anonymous_2)","decl":{"start":{"line":31,"column":16},"end":{"line":31,"column":17}},"loc":{"start":{"line":31,"column":36},"end":{"line":76,"column":1}},"line":31},"3":{"name":"(anonymous_3)","decl":{"start":{"line":78,"column":19},"end":{"line":78,"column":20}},"loc":{"start":{"line":78,"column":39},"end":{"line":99,"column":1}},"line":78},"4":{"name":"(anonymous_4)","decl":{"start":{"line":101,"column":23},"end":{"line":101,"column":24}},"loc":{"start":{"line":101,"column":43},"end":{"line":107,"column":1}},"line":101}},"branchMap":{"0":{"loc":{"start":{"line":15,"column":9},"end":{"line":15,"column":36}},"type":"binary-expr","locations":[{"start":{"line":15,"column":9},"end":{"line":15,"column":19}},{"start":{"line":15,"column":23},"end":{"line":15,"column":36}}],"line":15},"1":{"loc":{"start":{"line":24,"column":24},"end":{"line":24,"column":73}},"type":"binary-expr","locations":[{"start":{"line":24,"column":24},"end":{"line":24,"column":41}},{"start":{"line":24,"column":45},"end":{"line":24,"column":73}}],"line":24},"2":{"loc":{"start":{"line":25,"column":25},"end":{"line":25,"column":76}},"type":"binary-expr","locations":[{"start":{"line":25,"column":25},"end":{"line":25,"column":43}},{"start":{"line":25,"column":47},"end":{"line":25,"column":76}}],"line":25},"3":{"loc":{"start":{"line":26,"column":21},"end":{"line":26,"column":61}},"type":"binary-expr","locations":[{"start":{"line":26,"column":21},"end":{"line":26,"column":35}},{"start":{"line":26,"column":39},"end":{"line":26,"column":61}}],"line":26},"4":{"loc":{"start":{"line":27,"column":24},"end":{"line":27,"column":77}},"type":"binary-expr","locations":[{"start":{"line":27,"column":24},"end":{"line":27,"column":41}},{"start":{"line":27,"column":45},"end":{"line":27,"column":77}}],"line":27},"5":{"loc":{"start":{"line":28,"column":9},"end":{"line":28,"column":130}},"type":"binary-expr","locations":[{"start":{"line":28,"column":9},"end":{"line":28,"column":19}},{"start":{"line":28,"column":23},"end":{"line":28,"column":36}},{"start":{"line":28,"column":40},"end":{"line":28,"column":50}},{"start":{"line":28,"column":54},"end":{"line":28,"column":64}},{"start":{"line":28,"column":68},"end":{"line":28,"column":81}},{"start":{"line":28,"column":85},"end":{"line":28,"column":95}},{"start":{"line":28,"column":99},"end":{"line":28,"column":113}},{"start":{"line":28,"column":117},"end":{"line":28,"column":130}}],"line":28},"6":{"loc":{"start":{"line":36,"column":4},"end":{"line":71,"column":5}},"type":"if","locations":[{"start":{"line":36,"column":4},"end":{"line":71,"column":5}},{"start":{"line":69,"column":11},"end":{"line":71,"column":5}}],"line":36},"7":{"loc":{"start":{"line":39,"column":6},"end":{"line":68,"column":7}},"type":"if","locations":[{"start":{"line":39,"column":6},"end":{"line":68,"column":7}},{"start":{"line":66,"column":13},"end":{"line":68,"column":7}}],"line":39},"8":{"loc":{"start":{"line":39,"column":10},"end":{"line":39,"column":33}},"type":"binary-expr","locations":[{"start":{"line":39,"column":10},"end":{"line":39,"column":14}},{"start":{"line":39,"column":18},"end":{"line":39,"column":33}}],"line":39},"9":{"loc":{"start":{"line":41,"column":8},"end":{"line":65,"column":9}},"type":"if","locations":[{"start":{"line":41,"column":8},"end":{"line":65,"column":9}},{"start":{"line":63,"column":15},"end":{"line":65,"column":9}}],"line":41},"10":{"loc":{"start":{"line":43,"column":10},"end":{"line":62,"column":11}},"type":"if","locations":[{"start":{"line":43,"column":10},"end":{"line":62,"column":11}},{"start":{"line":45,"column":17},"end":{"line":62,"column":11}}],"line":43},"11":{"loc":{"start":{"line":86,"column":4},"end":{"line":94,"column":5}},"type":"if","locations":[{"start":{"line":86,"column":4},"end":{"line":94,"column":5}},{"start":{"line":92,"column":11},"end":{"line":94,"column":5}}],"line":86},"12":{"loc":{"start":{"line":104,"column":2},"end":{"line":106,"column":3}},"type":"if","locations":[{"start":{"line":104,"column":2},"end":{"line":106,"column":3}},{"start":{},"end":{}}],"line":104}},"s":{"0":1,"1":1,"2":1,"3":1,"4":1,"5":1,"6":1,"7":1,"8":3,"9":3,"10":3,"11":1,"12":3,"13":3,"14":3,"15":3,"16":3,"17":3,"18":3,"19":3,"20":3,"21":1,"22":3,"23":3,"24":3,"25":3,"26":0,"27":0,"28":0,"29":0,"30":0,"31":0,"32":0,"33":0,"34":0,"35":0,"36":0,"37":0,"38":0,"39":0,"40":0,"41":0,"42":0,"43":3,"44":0,"45":0,"46":1,"47":3,"48":3,"49":3,"50":3,"51":3,"52":0,"53":0,"54":0,"55":0,"56":0,"57":3,"58":0,"59":0,"60":1,"61":0,"62":0,"63":0},"f":{"0":3,"1":3,"2":3,"3":3,"4":0},"b":{"0":[3,3],"1":[3,3],"2":[3,3],"3":[3,3],"4":[3,3],"5":[3,3,0,0,0,0,0,0],"6":[0,3],"7":[0,0],"8":[0,0],"9":[0,0],"10":[0,0],"11":[0,3],"12":[0,0]},"_coverageSchema":"1a1c01bbd47fc00a2c39e90264f33305004495a9","hash":"1b4179de2edae621912725f484aa344a0cd186be"}
,"C:\\Users\\bowen\\OneDrive\\Desktop\\GatewayRevamp\\server\\app\\model\\helpers.js": {"path":"C:\\Users\\bowen\\OneDrive\\Desktop\\GatewayRevamp\\server\\app\\model\\helpers.js","statementMap":{"0":{"start":{"line":1,"column":11},"end":{"line":1,"column":24}},"1":{"start":{"line":2,"column":13},"end":{"line":2,"column":28}},"2":{"start":{"line":4,"column":15},"end":{"line":4,"column":35}},"3":{"start":{"line":7,"column":13},"end":{"line":7,"column":40}},"4":{"start":{"line":8,"column":13},"end":{"line":8,"column":41}},"5":{"start":{"line":9,"column":2},"end":{"line":20,"column":3}},"6":{"start":{"line":10,"column":4},"end":{"line":15,"column":6}},"7":{"start":{"line":11,"column":6},"end":{"line":11,"column":28}},"8":{"start":{"line":12,"column":6},"end":{"line":12,"column":28}},"9":{"start":{"line":13,"column":6},"end":{"line":13,"column":30}},"10":{"start":{"line":14,"column":6},"end":{"line":14,"column":17}},"11":{"start":{"line":17,"column":4},"end":{"line":17,"column":16}},"12":{"start":{"line":18,"column":4},"end":{"line":18,"column":12}},"13":{"start":{"line":19,"column":4},"end":{"line":19,"column":15}},"14":{"start":{"line":24,"column":17},"end":{"line":24,"column":46}},"15":{"start":{"line":25,"column":17},"end":{"line":25,"column":43}},"16":{"start":{"line":26,"column":2},"end":{"line":26,"column":32}},"17":{"start":{"line":29,"column":0},"end":{"line":29,"column":32}}},"fnMap":{"0":{"name":"copyFile","decl":{"start":{"line":6,"column":15},"end":{"line":6,"column":23}},"loc":{"start":{"line":6,"column":41},"end":{"line":21,"column":1}},"line":6},"1":{"name":"(anonymous_1)","decl":{"start":{"line":10,"column":29},"end":{"line":10,"column":30}},"loc":{"start":{"line":10,"column":56},"end":{"line":15,"column":5}},"line":10},"2":{"name":"setUpTestDB","decl":{"start":{"line":23,"column":15},"end":{"line":23,"column":26}},"loc":{"start":{"line":23,"column":49},"end":{"line":27,"column":1}},"line":23}},"branchMap":{},"s":{"0":3,"1":3,"2":3,"3":28,"4":28,"5":28,"6":28,"7":28,"8":28,"9":28,"10":28,"11":0,"12":0,"13":0,"14":28,"15":28,"16":28,"17":3},"f":{"0":28,"1":28,"2":28},"b":{},"_coverageSchema":"1a1c01bbd47fc00a2c39e90264f33305004495a9","hash":"06f585ba2147a3137023d35fce7144fbff080b9b"}
,"C:\\Users\\bowen\\OneDrive\\Desktop\\GatewayRevamp\\server\\app\\model\\index.js": {"path":"C:\\Users\\bowen\\OneDrive\\Desktop\\GatewayRevamp\\server\\app\\model\\index.js","statementMap":{"0":{"start":{"line":1,"column":13},"end":{"line":1,"column":28}},"1":{"start":{"line":3,"column":21},"end":{"line":3,"column":41}},"2":{"start":{"line":4,"column":24},"end":{"line":4,"column":44}},"3":{"start":{"line":7,"column":16},"end":{"line":19,"column":1}},"4":{"start":{"line":8,"column":15},"end":{"line":8,"column":24}},"5":{"start":{"line":9,"column":2},"end":{"line":11,"column":3}},"6":{"start":{"line":10,"column":4},"end":{"line":10,"column":21}},"7":{"start":{"line":12,"column":19},"end":{"line":12,"column":50}},"8":{"start":{"line":13,"column":2},"end":{"line":18,"column":3}},"9":{"start":{"line":14,"column":4},"end":{"line":14,"column":13}},"10":{"start":{"line":16,"column":15},"end":{"line":16,"column":44}},"11":{"start":{"line":17,"column":4},"end":{"line":17,"column":13}},"12":{"start":{"line":21,"column":0},"end":{"line":21,"column":41}}},"fnMap":{"0":{"name":"(anonymous_0)","decl":{"start":{"line":7,"column":16},"end":{"line":7,"column":17}},"loc":{"start":{"line":7,"column":28},"end":{"line":19,"column":1}},"line":7}},"branchMap":{"0":{"loc":{"start":{"line":9,"column":2},"end":{"line":11,"column":3}},"type":"if","locations":[{"start":{"line":9,"column":2},"end":{"line":11,"column":3}},{"start":{},"end":{}}],"line":9},"1":{"loc":{"start":{"line":13,"column":2},"end":{"line":18,"column":3}},"type":"if","locations":[{"start":{"line":13,"column":2},"end":{"line":18,"column":3}},{"start":{"line":15,"column":9},"end":{"line":18,"column":3}}],"line":13}},"s":{"0":3,"1":3,"2":3,"3":3,"4":58,"5":58,"6":58,"7":58,"8":58,"9":0,"10":58,"11":58,"12":3},"f":{"0":58},"b":{"0":[58,0],"1":[0,58]},"_coverageSchema":"1a1c01bbd47fc00a2c39e90264f33305004495a9","hash":"7434ce8b498e88445a8ef88d9e78dff140a36310"}
}
