{"C:\\Users\\bowen\\OneDrive\\Desktop\\GatewayRevamp\\server\\app\\controllers\\planner.js": {"path":"C:\\Users\\bowen\\OneDrive\\Desktop\\GatewayRevamp\\server\\app\\controllers\\planner.js","statementMap":{"0":{"start":{"line":2,"column":20},"end":{"line":2,"column":39}},"1":{"start":{"line":3,"column":18},"end":{"line":3,"column":20}},"2":{"start":{"line":4,"column":21},"end":{"line":4,"column":111}},"3":{"start":{"line":6,"column":26},"end":{"line":34,"column":1}},"4":{"start":{"line":8,"column":22},"end":{"line":8,"column":35}},"5":{"start":{"line":9,"column":23},"end":{"line":9,"column":25}},"6":{"start":{"line":10,"column":14},"end":{"line":10,"column":22}},"7":{"start":{"line":11,"column":2},"end":{"line":32,"column":3}},"8":{"start":{"line":13,"column":24},"end":{"line":13,"column":48}},"9":{"start":{"line":14,"column":22},"end":{"line":14,"column":53}},"10":{"start":{"line":17,"column":22},"end":{"line":17,"column":31}},"11":{"start":{"line":18,"column":24},"end":{"line":18,"column":35}},"12":{"start":{"line":19,"column":4},"end":{"line":31,"column":5}},"13":{"start":{"line":20,"column":23},"end":{"line":20,"column":78}},"14":{"start":{"line":21,"column":6},"end":{"line":21,"column":22}},"15":{"start":{"line":22,"column":6},"end":{"line":22,"column":33}},"16":{"start":{"line":25,"column":6},"end":{"line":30,"column":7}},"17":{"start":{"line":26,"column":8},"end":{"line":26,"column":27}},"18":{"start":{"line":27,"column":8},"end":{"line":27,"column":21}},"19":{"start":{"line":29,"column":8},"end":{"line":29,"column":27}},"20":{"start":{"line":33,"column":2},"end":{"line":33,"column":21}},"21":{"start":{"line":36,"column":0},"end":{"line":36,"column":45}},"22":{"start":{"line":38,"column":23},"end":{"line":54,"column":1}},"23":{"start":{"line":39,"column":16},"end":{"line":39,"column":28}},"24":{"start":{"line":40,"column":2},"end":{"line":52,"column":3}},"25":{"start":{"line":41,"column":21},"end":{"line":41,"column":74}},"26":{"start":{"line":42,"column":4},"end":{"line":42,"column":68}},"27":{"start":{"line":42,"column":56},"end":{"line":42,"column":66}},"28":{"start":{"line":43,"column":4},"end":{"line":51,"column":5}},"29":{"start":{"line":44,"column":26},"end":{"line":44,"column":171}},"30":{"start":{"line":44,"column":60},"end":{"line":44,"column":170}},"31":{"start":{"line":45,"column":6},"end":{"line":45,"column":109}},"32":{"start":{"line":45,"column":55},"end":{"line":45,"column":108}},"33":{"start":{"line":46,"column":6},"end":{"line":50,"column":8}},"34":{"start":{"line":47,"column":8},"end":{"line":49,"column":9}},"35":{"start":{"line":48,"column":10},"end":{"line":48,"column":54}},"36":{"start":{"line":53,"column":2},"end":{"line":53,"column":16}},"37":{"start":{"line":56,"column":0},"end":{"line":56,"column":39}},"38":{"start":{"line":58,"column":0},"end":{"line":80,"column":1}},"39":{"start":{"line":59,"column":13},"end":{"line":59,"column":28}},"40":{"start":{"line":60,"column":36},"end":{"line":60,"column":44}},"41":{"start":{"line":61,"column":17},"end":{"line":61,"column":27}},"42":{"start":{"line":63,"column":2},"end":{"line":79,"column":3}},"43":{"start":{"line":64,"column":23},"end":{"line":64,"column":54}},"44":{"start":{"line":65,"column":16},"end":{"line":65,"column":101}},"45":{"start":{"line":66,"column":4},"end":{"line":66,"column":56}},"46":{"start":{"line":67,"column":4},"end":{"line":67,"column":92}},"47":{"start":{"line":68,"column":4},"end":{"line":75,"column":5}},"48":{"start":{"line":69,"column":6},"end":{"line":69,"column":45}},"49":{"start":{"line":70,"column":22},"end":{"line":70,"column":53}},"50":{"start":{"line":71,"column":6},"end":{"line":71,"column":122}},"51":{"start":{"line":73,"column":6},"end":{"line":73,"column":66}},"52":{"start":{"line":74,"column":6},"end":{"line":74,"column":22}},"53":{"start":{"line":77,"column":4},"end":{"line":77,"column":50}},"54":{"start":{"line":78,"column":4},"end":{"line":78,"column":20}},"55":{"start":{"line":89,"column":28},"end":{"line":103,"column":1}},"56":{"start":{"line":90,"column":13},"end":{"line":90,"column":28}},"57":{"start":{"line":91,"column":29},"end":{"line":91,"column":143}},"58":{"start":{"line":91,"column":67},"end":{"line":91,"column":142}},"59":{"start":{"line":91,"column":105},"end":{"line":91,"column":130}},"60":{"start":{"line":92,"column":2},"end":{"line":102,"column":3}},"61":{"start":{"line":93,"column":4},"end":{"line":99,"column":5}},"62":{"start":{"line":94,"column":20},"end":{"line":94,"column":100}},"63":{"start":{"line":95,"column":21},"end":{"line":95,"column":71}},"64":{"start":{"line":96,"column":6},"end":{"line":96,"column":93}},"65":{"start":{"line":98,"column":6},"end":{"line":98,"column":34}},"66":{"start":{"line":101,"column":4},"end":{"line":101,"column":88}},"67":{"start":{"line":104,"column":0},"end":{"line":104,"column":49}},"68":{"start":{"line":110,"column":26},"end":{"line":125,"column":1}},"69":{"start":{"line":111,"column":2},"end":{"line":124,"column":3}},"70":{"start":{"line":112,"column":15},"end":{"line":112,"column":30}},"71":{"start":{"line":113,"column":18},"end":{"line":113,"column":71}},"72":{"start":{"line":114,"column":20},"end":{"line":114,"column":49}},"73":{"start":{"line":116,"column":4},"end":{"line":121,"column":5}},"74":{"start":{"line":117,"column":28},"end":{"line":117,"column":57}},"75":{"start":{"line":118,"column":6},"end":{"line":118,"column":51}},"76":{"start":{"line":120,"column":6},"end":{"line":120,"column":40}},"77":{"start":{"line":123,"column":4},"end":{"line":123,"column":24}},"78":{"start":{"line":127,"column":0},"end":{"line":127,"column":45}},"79":{"start":{"line":134,"column":0},"end":{"line":157,"column":1}},"80":{"start":{"line":135,"column":40},"end":{"line":135,"column":48}},"81":{"start":{"line":136,"column":17},"end":{"line":136,"column":27}},"82":{"start":{"line":137,"column":21},"end":{"line":137,"column":52}},"83":{"start":{"line":138,"column":2},"end":{"line":156,"column":3}},"84":{"start":{"line":139,"column":27},"end":{"line":139,"column":123}},"85":{"start":{"line":139,"column":75},"end":{"line":139,"column":122}},"86":{"start":{"line":139,"column":108},"end":{"line":139,"column":121}},"87":{"start":{"line":140,"column":30},"end":{"line":140,"column":133}},"88":{"start":{"line":140,"column":68},"end":{"line":140,"column":132}},"89":{"start":{"line":140,"column":100},"end":{"line":140,"column":131}},"90":{"start":{"line":141,"column":4},"end":{"line":153,"column":5}},"91":{"start":{"line":142,"column":6},"end":{"line":150,"column":7}},"92":{"start":{"line":143,"column":8},"end":{"line":145,"column":11}},"93":{"start":{"line":144,"column":10},"end":{"line":144,"column":78}},"94":{"start":{"line":146,"column":24},"end":{"line":146,"column":55}},"95":{"start":{"line":147,"column":8},"end":{"line":147,"column":136}},"96":{"start":{"line":149,"column":8},"end":{"line":149,"column":76}},"97":{"start":{"line":152,"column":6},"end":{"line":152,"column":156}},"98":{"start":{"line":155,"column":4},"end":{"line":155,"column":129}},"99":{"start":{"line":163,"column":19},"end":{"line":175,"column":1}},"100":{"start":{"line":164,"column":2},"end":{"line":174,"column":3}},"101":{"start":{"line":165,"column":15},"end":{"line":165,"column":30}},"102":{"start":{"line":166,"column":18},"end":{"line":169,"column":100}},"103":{"start":{"line":170,"column":16},"end":{"line":170,"column":35}},"104":{"start":{"line":171,"column":4},"end":{"line":171,"column":14}},"105":{"start":{"line":173,"column":4},"end":{"line":173,"column":32}},"106":{"start":{"line":177,"column":0},"end":{"line":177,"column":31}},"107":{"start":{"line":183,"column":24},"end":{"line":210,"column":1}},"108":{"start":{"line":184,"column":21},"end":{"line":184,"column":23}},"109":{"start":{"line":185,"column":18},"end":{"line":185,"column":36}},"110":{"start":{"line":187,"column":2},"end":{"line":208,"column":3}},"111":{"start":{"line":188,"column":97},"end":{"line":188,"column":100}},"112":{"start":{"line":189,"column":4},"end":{"line":207,"column":5}},"113":{"start":{"line":190,"column":22},"end":{"line":190,"column":50}},"114":{"start":{"line":191,"column":6},"end":{"line":195,"column":7}},"115":{"start":{"line":197,"column":6},"end":{"line":206,"column":7}},"116":{"start":{"line":209,"column":2},"end":{"line":209,"column":19}},"117":{"start":{"line":212,"column":0},"end":{"line":212,"column":41}},"118":{"start":{"line":219,"column":24},"end":{"line":234,"column":1}},"119":{"start":{"line":220,"column":2},"end":{"line":233,"column":3}},"120":{"start":{"line":221,"column":15},"end":{"line":221,"column":30}},"121":{"start":{"line":222,"column":18},"end":{"line":222,"column":55}},"122":{"start":{"line":223,"column":16},"end":{"line":223,"column":45}},"123":{"start":{"line":225,"column":4},"end":{"line":229,"column":5}},"124":{"start":{"line":226,"column":6},"end":{"line":226,"column":46}},"125":{"start":{"line":228,"column":6},"end":{"line":228,"column":19}},"126":{"start":{"line":230,"column":4},"end":{"line":230,"column":19}},"127":{"start":{"line":232,"column":4},"end":{"line":232,"column":32}},"128":{"start":{"line":236,"column":0},"end":{"line":236,"column":41}},"129":{"start":{"line":242,"column":0},"end":{"line":258,"column":1}},"130":{"start":{"line":243,"column":17},"end":{"line":243,"column":27}},"131":{"start":{"line":244,"column":2},"end":{"line":244,"column":39}},"132":{"start":{"line":245,"column":2},"end":{"line":257,"column":3}},"133":{"start":{"line":246,"column":17},"end":{"line":246,"column":51}},"134":{"start":{"line":247,"column":25},"end":{"line":247,"column":54}},"135":{"start":{"line":248,"column":4},"end":{"line":248,"column":47}},"136":{"start":{"line":249,"column":4},"end":{"line":254,"column":5}},"137":{"start":{"line":250,"column":23},"end":{"line":250,"column":63}},"138":{"start":{"line":251,"column":6},"end":{"line":251,"column":83}},"139":{"start":{"line":253,"column":6},"end":{"line":253,"column":103}},"140":{"start":{"line":256,"column":4},"end":{"line":256,"column":74}},"141":{"start":{"line":265,"column":29},"end":{"line":274,"column":1}},"142":{"start":{"line":266,"column":2},"end":{"line":273,"column":3}},"143":{"start":{"line":267,"column":15},"end":{"line":267,"column":30}},"144":{"start":{"line":268,"column":18},"end":{"line":268,"column":71}},"145":{"start":{"line":269,"column":16},"end":{"line":269,"column":45}},"146":{"start":{"line":270,"column":4},"end":{"line":270,"column":14}},"147":{"start":{"line":272,"column":4},"end":{"line":272,"column":32}},"148":{"start":{"line":276,"column":0},"end":{"line":276,"column":51}}},"fnMap":{"0":{"name":"(anonymous_0)","decl":{"start":{"line":6,"column":26},"end":{"line":6,"column":27}},"loc":{"start":{"line":6,"column":48},"end":{"line":34,"column":1}},"line":6},"1":{"name":"(anonymous_1)","decl":{"start":{"line":38,"column":23},"end":{"line":38,"column":24}},"loc":{"start":{"line":38,"column":55},"end":{"line":54,"column":1}},"line":38},"2":{"name":"(anonymous_2)","decl":{"start":{"line":42,"column":46},"end":{"line":42,"column":47}},"loc":{"start":{"line":42,"column":56},"end":{"line":42,"column":66}},"line":42},"3":{"name":"(anonymous_3)","decl":{"start":{"line":44,"column":45},"end":{"line":44,"column":46}},"loc":{"start":{"line":44,"column":60},"end":{"line":44,"column":170}},"line":44},"4":{"name":"(anonymous_4)","decl":{"start":{"line":45,"column":40},"end":{"line":45,"column":41}},"loc":{"start":{"line":45,"column":55},"end":{"line":45,"column":108}},"line":45},"5":{"name":"(anonymous_5)","decl":{"start":{"line":46,"column":28},"end":{"line":46,"column":29}},"loc":{"start":{"line":46,"column":45},"end":{"line":50,"column":7}},"line":46},"6":{"name":"(anonymous_6)","decl":{"start":{"line":58,"column":23},"end":{"line":58,"column":24}},"loc":{"start":{"line":58,"column":43},"end":{"line":80,"column":1}},"line":58},"7":{"name":"(anonymous_7)","decl":{"start":{"line":89,"column":28},"end":{"line":89,"column":29}},"loc":{"start":{"line":89,"column":77},"end":{"line":103,"column":1}},"line":89},"8":{"name":"(anonymous_8)","decl":{"start":{"line":91,"column":58},"end":{"line":91,"column":59}},"loc":{"start":{"line":91,"column":67},"end":{"line":91,"column":142}},"line":91},"9":{"name":"(anonymous_9)","decl":{"start":{"line":91,"column":88},"end":{"line":91,"column":89}},"loc":{"start":{"line":91,"column":105},"end":{"line":91,"column":130}},"line":91},"10":{"name":"(anonymous_10)","decl":{"start":{"line":110,"column":26},"end":{"line":110,"column":27}},"loc":{"start":{"line":110,"column":44},"end":{"line":125,"column":1}},"line":110},"11":{"name":"(anonymous_11)","decl":{"start":{"line":134,"column":21},"end":{"line":134,"column":22}},"loc":{"start":{"line":134,"column":41},"end":{"line":157,"column":1}},"line":134},"12":{"name":"(anonymous_12)","decl":{"start":{"line":139,"column":57},"end":{"line":139,"column":58}},"loc":{"start":{"line":139,"column":75},"end":{"line":139,"column":122}},"line":139},"13":{"name":"(anonymous_13)","decl":{"start":{"line":139,"column":92},"end":{"line":139,"column":93}},"loc":{"start":{"line":139,"column":108},"end":{"line":139,"column":121}},"line":139},"14":{"name":"(anonymous_14)","decl":{"start":{"line":140,"column":50},"end":{"line":140,"column":51}},"loc":{"start":{"line":140,"column":68},"end":{"line":140,"column":132}},"line":140},"15":{"name":"(anonymous_15)","decl":{"start":{"line":140,"column":86},"end":{"line":140,"column":87}},"loc":{"start":{"line":140,"column":100},"end":{"line":140,"column":131}},"line":140},"16":{"name":"(anonymous_16)","decl":{"start":{"line":143,"column":43},"end":{"line":143,"column":44}},"loc":{"start":{"line":143,"column":63},"end":{"line":145,"column":9}},"line":143},"17":{"name":"(anonymous_17)","decl":{"start":{"line":163,"column":19},"end":{"line":163,"column":20}},"loc":{"start":{"line":163,"column":31},"end":{"line":175,"column":1}},"line":163},"18":{"name":"(anonymous_18)","decl":{"start":{"line":183,"column":24},"end":{"line":183,"column":25}},"loc":{"start":{"line":183,"column":36},"end":{"line":210,"column":1}},"line":183},"19":{"name":"(anonymous_19)","decl":{"start":{"line":219,"column":24},"end":{"line":219,"column":25}},"loc":{"start":{"line":219,"column":42},"end":{"line":234,"column":1}},"line":219},"20":{"name":"(anonymous_20)","decl":{"start":{"line":242,"column":20},"end":{"line":242,"column":21}},"loc":{"start":{"line":242,"column":40},"end":{"line":258,"column":1}},"line":242},"21":{"name":"(anonymous_21)","decl":{"start":{"line":265,"column":29},"end":{"line":265,"column":30}},"loc":{"start":{"line":265,"column":47},"end":{"line":274,"column":1}},"line":265}},"branchMap":{"0":{"loc":{"start":{"line":11,"column":2},"end":{"line":32,"column":3}},"type":"if","locations":[{"start":{"line":11,"column":2},"end":{"line":32,"column":3}},{"start":{},"end":{}}],"line":11},"1":{"loc":{"start":{"line":11,"column":6},"end":{"line":11,"column":60}},"type":"binary-expr","locations":[{"start":{"line":11,"column":6},"end":{"line":11,"column":32}},{"start":{"line":11,"column":36},"end":{"line":11,"column":60}}],"line":11},"2":{"loc":{"start":{"line":25,"column":6},"end":{"line":30,"column":7}},"type":"if","locations":[{"start":{"line":25,"column":6},"end":{"line":30,"column":7}},{"start":{"line":28,"column":13},"end":{"line":30,"column":7}}],"line":25},"3":{"loc":{"start":{"line":40,"column":2},"end":{"line":52,"column":3}},"type":"if","locations":[{"start":{"line":40,"column":2},"end":{"line":52,"column":3}},{"start":{},"end":{}}],"line":40},"4":{"loc":{"start":{"line":40,"column":6},"end":{"line":40,"column":49}},"type":"binary-expr","locations":[{"start":{"line":40,"column":6},"end":{"line":40,"column":19}},{"start":{"line":40,"column":23},"end":{"line":40,"column":49}}],"line":40},"5":{"loc":{"start":{"line":43,"column":4},"end":{"line":51,"column":5}},"type":"if","locations":[{"start":{"line":43,"column":4},"end":{"line":51,"column":5}},{"start":{},"end":{}}],"line":43},"6":{"loc":{"start":{"line":43,"column":8},"end":{"line":43,"column":60}},"type":"binary-expr","locations":[{"start":{"line":43,"column":8},"end":{"line":43,"column":19}},{"start":{"line":43,"column":23},"end":{"line":43,"column":45}},{"start":{"line":43,"column":49},"end":{"line":43,"column":60}}],"line":43},"7":{"loc":{"start":{"line":44,"column":60},"end":{"line":44,"column":170}},"type":"binary-expr","locations":[{"start":{"line":44,"column":60},"end":{"line":44,"column":69}},{"start":{"line":44,"column":73},"end":{"line":44,"column":91}},{"start":{"line":44,"column":95},"end":{"line":44,"column":113}},{"start":{"line":44,"column":117},"end":{"line":44,"column":170}}],"line":44},"8":{"loc":{"start":{"line":47,"column":8},"end":{"line":49,"column":9}},"type":"if","locations":[{"start":{"line":47,"column":8},"end":{"line":49,"column":9}},{"start":{},"end":{}}],"line":47},"9":{"loc":{"start":{"line":92,"column":2},"end":{"line":102,"column":3}},"type":"if","locations":[{"start":{"line":92,"column":2},"end":{"line":102,"column":3}},{"start":{"line":100,"column":9},"end":{"line":102,"column":3}}],"line":92},"10":{"loc":{"start":{"line":116,"column":4},"end":{"line":121,"column":5}},"type":"if","locations":[{"start":{"line":116,"column":4},"end":{"line":121,"column":5}},{"start":{"line":119,"column":11},"end":{"line":121,"column":5}}],"line":116},"11":{"loc":{"start":{"line":138,"column":2},"end":{"line":156,"column":3}},"type":"if","locations":[{"start":{"line":138,"column":2},"end":{"line":156,"column":3}},{"start":{"line":154,"column":9},"end":{"line":156,"column":3}}],"line":138},"12":{"loc":{"start":{"line":138,"column":6},"end":{"line":138,"column":112}},"type":"binary-expr","locations":[{"start":{"line":138,"column":6},"end":{"line":138,"column":51}},{"start":{"line":138,"column":55},"end":{"line":138,"column":112}}],"line":138},"13":{"loc":{"start":{"line":141,"column":4},"end":{"line":153,"column":5}},"type":"if","locations":[{"start":{"line":141,"column":4},"end":{"line":153,"column":5}},{"start":{"line":151,"column":11},"end":{"line":153,"column":5}}],"line":141},"14":{"loc":{"start":{"line":189,"column":4},"end":{"line":207,"column":5}},"type":"if","locations":[{"start":{"line":189,"column":4},"end":{"line":207,"column":5}},{"start":{"line":196,"column":11},"end":{"line":207,"column":5}}],"line":189},"15":{"loc":{"start":{"line":193,"column":15},"end":{"line":193,"column":84}},"type":"cond-expr","locations":[{"start":{"line":193,"column":30},"end":{"line":193,"column":61}},{"start":{"line":193,"column":64},"end":{"line":193,"column":84}}],"line":193},"16":{"loc":{"start":{"line":194,"column":23},"end":{"line":194,"column":99}},"type":"cond-expr","locations":[{"start":{"line":194,"column":69},"end":{"line":194,"column":89}},{"start":{"line":194,"column":92},"end":{"line":194,"column":99}}],"line":194},"17":{"loc":{"start":{"line":194,"column":23},"end":{"line":194,"column":66}},"type":"binary-expr","locations":[{"start":{"line":194,"column":23},"end":{"line":194,"column":37}},{"start":{"line":194,"column":41},"end":{"line":194,"column":66}}],"line":194},"18":{"loc":{"start":{"line":199,"column":15},"end":{"line":199,"column":41}},"type":"cond-expr","locations":[{"start":{"line":199,"column":30},"end":{"line":199,"column":36}},{"start":{"line":199,"column":39},"end":{"line":199,"column":41}}],"line":199},"19":{"loc":{"start":{"line":205,"column":23},"end":{"line":205,"column":53}},"type":"cond-expr","locations":[{"start":{"line":205,"column":40},"end":{"line":205,"column":48}},{"start":{"line":205,"column":51},"end":{"line":205,"column":53}}],"line":205},"20":{"loc":{"start":{"line":225,"column":4},"end":{"line":229,"column":5}},"type":"if","locations":[{"start":{"line":225,"column":4},"end":{"line":229,"column":5}},{"start":{"line":227,"column":11},"end":{"line":229,"column":5}}],"line":225},"21":{"loc":{"start":{"line":225,"column":8},"end":{"line":225,"column":44}},"type":"binary-expr","locations":[{"start":{"line":225,"column":8},"end":{"line":225,"column":11}},{"start":{"line":225,"column":15},"end":{"line":225,"column":28}},{"start":{"line":225,"column":32},"end":{"line":225,"column":44}}],"line":225},"22":{"loc":{"start":{"line":245,"column":2},"end":{"line":257,"column":3}},"type":"if","locations":[{"start":{"line":245,"column":2},"end":{"line":257,"column":3}},{"start":{"line":255,"column":9},"end":{"line":257,"column":3}}],"line":245},"23":{"loc":{"start":{"line":249,"column":4},"end":{"line":254,"column":5}},"type":"if","locations":[{"start":{"line":249,"column":4},"end":{"line":254,"column":5}},{"start":{"line":252,"column":11},"end":{"line":254,"column":5}}],"line":249},"24":{"loc":{"start":{"line":249,"column":8},"end":{"line":249,"column":49}},"type":"binary-expr","locations":[{"start":{"line":249,"column":8},"end":{"line":249,"column":20}},{"start":{"line":249,"column":24},"end":{"line":249,"column":49}}],"line":249}},"s":{"0":2,"1":2,"2":2,"3":2,"4":8,"5":8,"6":8,"7":8,"8":8,"9":8,"10":8,"11":8,"12":8,"13":61,"14":61,"15":61,"16":61,"17":31,"18":31,"19":30,"20":8,"21":2,"22":2,"23":9,"24":9,"25":6,"26":6,"27":48,"28":6,"29":1,"30":2,"31":1,"32":0,"33":1,"34":0,"35":0,"36":9,"37":2,"38":2,"39":1,"40":1,"41":1,"42":1,"43":1,"44":1,"45":1,"46":1,"47":1,"48":1,"49":1,"50":1,"51":0,"52":0,"53":0,"54":0,"55":2,"56":9,"57":9,"58":40,"59":1,"60":9,"61":8,"62":8,"63":8,"64":6,"65":2,"66":1,"67":2,"68":2,"69":7,"70":7,"71":7,"72":7,"73":7,"74":7,"75":7,"76":0,"77":0,"78":2,"79":2,"80":2,"81":2,"82":2,"83":2,"84":1,"85":8,"86":0,"87":1,"88":8,"89":0,"90":1,"91":1,"92":1,"93":2,"94":1,"95":1,"96":0,"97":0,"98":1,"99":2,"100":3,"101":3,"102":3,"103":3,"104":3,"105":0,"106":2,"107":2,"108":3,"109":3,"110":3,"111":147,"112":147,"113":54,"114":54,"115":93,"116":3,"117":2,"118":2,"119":10,"120":10,"121":10,"122":10,"123":10,"124":7,"125":3,"126":10,"127":0,"128":2,"129":2,"130":2,"131":2,"132":2,"133":2,"134":2,"135":2,"136":2,"137":2,"138":2,"139":0,"140":0,"141":2,"142":4,"143":4,"144":4,"145":4,"146":4,"147":0,"148":2},"f":{"0":8,"1":9,"2":48,"3":2,"4":0,"5":0,"6":1,"7":9,"8":40,"9":1,"10":7,"11":2,"12":8,"13":0,"14":8,"15":0,"16":2,"17":3,"18":3,"19":10,"20":2,"21":4},"b":{"0":[8,0],"1":[8,8],"2":[31,30],"3":[6,3],"4":[9,9],"5":[1,5],"6":[6,6,1],"7":[2,2,2,2],"8":[0,0],"9":[8,1],"10":[7,0],"11":[1,1],"12":[2,2],"13":[1,0],"14":[54,93],"15":[48,6],"16":[9,45],"17":[54,15],"18":[66,27],"19":[48,45],"20":[7,3],"21":[10,7,7],"22":[2,0],"23":[2,0],"24":[2,2]},"_coverageSchema":"1a1c01bbd47fc00a2c39e90264f33305004495a9","hash":"80067b43ff0de477feac0583b260d0a32f6cfc95"}
,"C:\\Users\\bowen\\OneDrive\\Desktop\\GatewayRevamp\\server\\app\\controllers\\progress.js": {"path":"C:\\Users\\bowen\\OneDrive\\Desktop\\GatewayRevamp\\server\\app\\controllers\\progress.js","statementMap":{"0":{"start":{"line":2,"column":20},"end":{"line":2,"column":39}},"1":{"start":{"line":3,"column":14},"end":{"line":3,"column":62}},"2":{"start":{"line":4,"column":33},"end":{"line":4,"column":112}},"3":{"start":{"line":4,"column":72},"end":{"line":4,"column":106}},"4":{"start":{"line":12,"column":29},"end":{"line":21,"column":1}},"5":{"start":{"line":13,"column":2},"end":{"line":20,"column":3}},"6":{"start":{"line":14,"column":15},"end":{"line":14,"column":30}},"7":{"start":{"line":15,"column":18},"end":{"line":15,"column":100}},"8":{"start":{"line":16,"column":19},"end":{"line":16,"column":61}},"9":{"start":{"line":17,"column":4},"end":{"line":17,"column":31}},"10":{"start":{"line":19,"column":4},"end":{"line":19,"column":32}},"11":{"start":{"line":23,"column":0},"end":{"line":23,"column":51}},"12":{"start":{"line":29,"column":20},"end":{"line":41,"column":1}},"13":{"start":{"line":30,"column":2},"end":{"line":40,"column":3}},"14":{"start":{"line":31,"column":15},"end":{"line":31,"column":30}},"15":{"start":{"line":32,"column":18},"end":{"line":34,"column":46}},"16":{"start":{"line":35,"column":31},"end":{"line":35,"column":63}},"17":{"start":{"line":36,"column":4},"end":{"line":36,"column":29}},"18":{"start":{"line":38,"column":4},"end":{"line":38,"column":20}},"19":{"start":{"line":39,"column":4},"end":{"line":39,"column":22}},"20":{"start":{"line":43,"column":0},"end":{"line":43,"column":33}},"21":{"start":{"line":50,"column":23},"end":{"line":65,"column":1}},"22":{"start":{"line":51,"column":2},"end":{"line":64,"column":3}},"23":{"start":{"line":52,"column":15},"end":{"line":52,"column":30}},"24":{"start":{"line":53,"column":18},"end":{"line":53,"column":83}},"25":{"start":{"line":54,"column":28},"end":{"line":54,"column":60}},"26":{"start":{"line":55,"column":4},"end":{"line":60,"column":5}},"27":{"start":{"line":56,"column":30},"end":{"line":56,"column":160}},"28":{"start":{"line":56,"column":108},"end":{"line":56,"column":152}},"29":{"start":{"line":57,"column":6},"end":{"line":57,"column":28}},"30":{"start":{"line":59,"column":6},"end":{"line":59,"column":37}},"31":{"start":{"line":62,"column":4},"end":{"line":62,"column":20}},"32":{"start":{"line":63,"column":4},"end":{"line":63,"column":22}},"33":{"start":{"line":67,"column":0},"end":{"line":67,"column":39}},"34":{"start":{"line":74,"column":27},"end":{"line":83,"column":1}},"35":{"start":{"line":75,"column":2},"end":{"line":82,"column":3}},"36":{"start":{"line":76,"column":15},"end":{"line":76,"column":30}},"37":{"start":{"line":77,"column":18},"end":{"line":77,"column":90}},"38":{"start":{"line":78,"column":16},"end":{"line":78,"column":55}},"39":{"start":{"line":79,"column":4},"end":{"line":79,"column":25}},"40":{"start":{"line":81,"column":4},"end":{"line":81,"column":22}},"41":{"start":{"line":85,"column":0},"end":{"line":85,"column":47}},"42":{"start":{"line":93,"column":0},"end":{"line":119,"column":1}},"43":{"start":{"line":94,"column":13},"end":{"line":94,"column":28}},"44":{"start":{"line":95,"column":31},"end":{"line":95,"column":39}},"45":{"start":{"line":96,"column":17},"end":{"line":96,"column":27}},"46":{"start":{"line":98,"column":2},"end":{"line":118,"column":3}},"47":{"start":{"line":99,"column":26},"end":{"line":99,"column":68}},"48":{"start":{"line":100,"column":32},"end":{"line":100,"column":60}},"49":{"start":{"line":101,"column":4},"end":{"line":114,"column":5}},"50":{"start":{"line":102,"column":29},"end":{"line":102,"column":73}},"51":{"start":{"line":103,"column":6},"end":{"line":109,"column":7}},"52":{"start":{"line":104,"column":28},"end":{"line":104,"column":118}},"53":{"start":{"line":105,"column":8},"end":{"line":105,"column":61}},"54":{"start":{"line":107,"column":28},"end":{"line":107,"column":118}},"55":{"start":{"line":108,"column":8},"end":{"line":108,"column":61}},"56":{"start":{"line":110,"column":26},"end":{"line":110,"column":54}},"57":{"start":{"line":111,"column":6},"end":{"line":111,"column":120}},"58":{"start":{"line":113,"column":6},"end":{"line":113,"column":141}},"59":{"start":{"line":116,"column":4},"end":{"line":116,"column":20}},"60":{"start":{"line":117,"column":4},"end":{"line":117,"column":42}},"61":{"start":{"line":127,"column":35},"end":{"line":140,"column":1}},"62":{"start":{"line":128,"column":2},"end":{"line":139,"column":3}},"63":{"start":{"line":129,"column":15},"end":{"line":129,"column":30}},"64":{"start":{"line":130,"column":18},"end":{"line":130,"column":72}},"65":{"start":{"line":131,"column":30},"end":{"line":131,"column":49}},"66":{"start":{"line":132,"column":23},"end":{"line":132,"column":66}},"67":{"start":{"line":132,"column":49},"end":{"line":132,"column":65}},"68":{"start":{"line":133,"column":30},"end":{"line":133,"column":118}},"69":{"start":{"line":133,"column":77},"end":{"line":133,"column":117}},"70":{"start":{"line":134,"column":25},"end":{"line":134,"column":92}},"71":{"start":{"line":134,"column":65},"end":{"line":134,"column":88}},"72":{"start":{"line":135,"column":4},"end":{"line":135,"column":23}},"73":{"start":{"line":137,"column":4},"end":{"line":137,"column":20}},"74":{"start":{"line":138,"column":4},"end":{"line":138,"column":22}},"75":{"start":{"line":142,"column":0},"end":{"line":142,"column":63}},"76":{"start":{"line":148,"column":22},"end":{"line":151,"column":1}},"77":{"start":{"line":149,"column":34},"end":{"line":149,"column":51}},"78":{"start":{"line":150,"column":2},"end":{"line":150,"column":47}},"79":{"start":{"line":153,"column":0},"end":{"line":153,"column":37}},"80":{"start":{"line":158,"column":33},"end":{"line":174,"column":1}},"81":{"start":{"line":159,"column":28},"end":{"line":159,"column":30}},"82":{"start":{"line":160,"column":2},"end":{"line":168,"column":3}},"83":{"start":{"line":161,"column":4},"end":{"line":167,"column":5}},"84":{"start":{"line":162,"column":6},"end":{"line":166,"column":7}},"85":{"start":{"line":163,"column":8},"end":{"line":163,"column":45}},"86":{"start":{"line":165,"column":8},"end":{"line":165,"column":44}},"87":{"start":{"line":169,"column":2},"end":{"line":173,"column":3}},"88":{"start":{"line":170,"column":4},"end":{"line":172,"column":5}},"89":{"start":{"line":171,"column":6},"end":{"line":171,"column":46}},"90":{"start":{"line":176,"column":0},"end":{"line":176,"column":59}},"91":{"start":{"line":181,"column":0},"end":{"line":197,"column":1}},"92":{"start":{"line":182,"column":20},"end":{"line":182,"column":30}},"93":{"start":{"line":183,"column":2},"end":{"line":196,"column":3}},"94":{"start":{"line":184,"column":21},"end":{"line":184,"column":49}},"95":{"start":{"line":185,"column":24},"end":{"line":185,"column":55}},"96":{"start":{"line":186,"column":4},"end":{"line":186,"column":51}},"97":{"start":{"line":187,"column":4},"end":{"line":192,"column":5}},"98":{"start":{"line":188,"column":27},"end":{"line":188,"column":69}},"99":{"start":{"line":189,"column":6},"end":{"line":189,"column":98}},"100":{"start":{"line":191,"column":6},"end":{"line":191,"column":89}},"101":{"start":{"line":194,"column":4},"end":{"line":194,"column":20}},"102":{"start":{"line":195,"column":4},"end":{"line":195,"column":50}}},"fnMap":{"0":{"name":"(anonymous_0)","decl":{"start":{"line":4,"column":46},"end":{"line":4,"column":47}},"loc":{"start":{"line":4,"column":72},"end":{"line":4,"column":106}},"line":4},"1":{"name":"(anonymous_1)","decl":{"start":{"line":12,"column":29},"end":{"line":12,"column":30}},"loc":{"start":{"line":12,"column":60},"end":{"line":21,"column":1}},"line":12},"2":{"name":"(anonymous_2)","decl":{"start":{"line":29,"column":20},"end":{"line":29,"column":21}},"loc":{"start":{"line":29,"column":41},"end":{"line":41,"column":1}},"line":29},"3":{"name":"(anonymous_3)","decl":{"start":{"line":50,"column":23},"end":{"line":50,"column":24}},"loc":{"start":{"line":50,"column":44},"end":{"line":65,"column":1}},"line":50},"4":{"name":"(anonymous_4)","decl":{"start":{"line":56,"column":87},"end":{"line":56,"column":88}},"loc":{"start":{"line":56,"column":108},"end":{"line":56,"column":152}},"line":56},"5":{"name":"(anonymous_5)","decl":{"start":{"line":74,"column":27},"end":{"line":74,"column":28}},"loc":{"start":{"line":74,"column":55},"end":{"line":83,"column":1}},"line":74},"6":{"name":"(anonymous_6)","decl":{"start":{"line":93,"column":21},"end":{"line":93,"column":22}},"loc":{"start":{"line":93,"column":41},"end":{"line":119,"column":1}},"line":93},"7":{"name":"(anonymous_7)","decl":{"start":{"line":127,"column":35},"end":{"line":127,"column":36}},"loc":{"start":{"line":127,"column":55},"end":{"line":140,"column":1}},"line":127},"8":{"name":"(anonymous_8)","decl":{"start":{"line":132,"column":36},"end":{"line":132,"column":37}},"loc":{"start":{"line":132,"column":49},"end":{"line":132,"column":65}},"line":132},"9":{"name":"(anonymous_9)","decl":{"start":{"line":133,"column":55},"end":{"line":133,"column":56}},"loc":{"start":{"line":133,"column":77},"end":{"line":133,"column":117}},"line":133},"10":{"name":"(anonymous_10)","decl":{"start":{"line":134,"column":50},"end":{"line":134,"column":51}},"loc":{"start":{"line":134,"column":65},"end":{"line":134,"column":88}},"line":134},"11":{"name":"(anonymous_11)","decl":{"start":{"line":148,"column":22},"end":{"line":148,"column":23}},"loc":{"start":{"line":148,"column":30},"end":{"line":151,"column":1}},"line":148},"12":{"name":"(anonymous_12)","decl":{"start":{"line":158,"column":33},"end":{"line":158,"column":34}},"loc":{"start":{"line":158,"column":60},"end":{"line":174,"column":1}},"line":158},"13":{"name":"(anonymous_13)","decl":{"start":{"line":181,"column":27},"end":{"line":181,"column":28}},"loc":{"start":{"line":181,"column":47},"end":{"line":197,"column":1}},"line":181}},"branchMap":{"0":{"loc":{"start":{"line":55,"column":4},"end":{"line":60,"column":5}},"type":"if","locations":[{"start":{"line":55,"column":4},"end":{"line":60,"column":5}},{"start":{"line":58,"column":11},"end":{"line":60,"column":5}}],"line":55},"1":{"loc":{"start":{"line":55,"column":8},"end":{"line":55,"column":53}},"type":"binary-expr","locations":[{"start":{"line":55,"column":8},"end":{"line":55,"column":23}},{"start":{"line":55,"column":27},"end":{"line":55,"column":53}}],"line":55},"2":{"loc":{"start":{"line":101,"column":4},"end":{"line":114,"column":5}},"type":"if","locations":[{"start":{"line":101,"column":4},"end":{"line":114,"column":5}},{"start":{"line":112,"column":11},"end":{"line":114,"column":5}}],"line":101},"3":{"loc":{"start":{"line":103,"column":6},"end":{"line":109,"column":7}},"type":"if","locations":[{"start":{"line":103,"column":6},"end":{"line":109,"column":7}},{"start":{"line":106,"column":13},"end":{"line":109,"column":7}}],"line":103},"4":{"loc":{"start":{"line":161,"column":4},"end":{"line":167,"column":5}},"type":"if","locations":[{"start":{"line":161,"column":4},"end":{"line":167,"column":5}},{"start":{},"end":{}}],"line":161},"5":{"loc":{"start":{"line":161,"column":8},"end":{"line":161,"column":49}},"type":"binary-expr","locations":[{"start":{"line":161,"column":8},"end":{"line":161,"column":19}},{"start":{"line":161,"column":23},"end":{"line":161,"column":49}}],"line":161},"6":{"loc":{"start":{"line":162,"column":6},"end":{"line":166,"column":7}},"type":"if","locations":[{"start":{"line":162,"column":6},"end":{"line":166,"column":7}},{"start":{"line":164,"column":13},"end":{"line":166,"column":7}}],"line":162},"7":{"loc":{"start":{"line":170,"column":4},"end":{"line":172,"column":5}},"type":"if","locations":[{"start":{"line":170,"column":4},"end":{"line":172,"column":5}},{"start":{},"end":{}}],"line":170},"8":{"loc":{"start":{"line":170,"column":8},"end":{"line":170,"column":92}},"type":"binary-expr","locations":[{"start":{"line":170,"column":8},"end":{"line":170,"column":19}},{"start":{"line":170,"column":24},"end":{"line":170,"column":51}},{"start":{"line":170,"column":55},"end":{"line":170,"column":91}}],"line":170},"9":{"loc":{"start":{"line":187,"column":4},"end":{"line":192,"column":5}},"type":"if","locations":[{"start":{"line":187,"column":4},"end":{"line":192,"column":5}},{"start":{"line":190,"column":11},"end":{"line":192,"column":5}}],"line":187},"10":{"loc":{"start":{"line":187,"column":8},"end":{"line":187,"column":102}},"type":"binary-expr","locations":[{"start":{"line":187,"column":8},"end":{"line":187,"column":16}},{"start":{"line":187,"column":20},"end":{"line":187,"column":31}},{"start":{"line":187,"column":35},"end":{"line":187,"column":65}},{"start":{"line":187,"column":69},"end":{"line":187,"column":102}}],"line":187}},"s":{"0":1,"1":1,"2":1,"3":14,"4":1,"5":7,"6":7,"7":7,"8":7,"9":6,"10":1,"11":1,"12":1,"13":1,"14":1,"15":1,"16":1,"17":0,"18":1,"19":1,"20":1,"21":1,"22":10,"23":10,"24":10,"25":10,"26":6,"27":3,"28":3,"29":3,"30":3,"31":4,"32":4,"33":1,"34":1,"35":7,"36":7,"37":7,"38":7,"39":6,"40":1,"41":1,"42":1,"43":5,"44":5,"45":5,"46":5,"47":5,"48":5,"49":5,"50":4,"51":3,"52":1,"53":1,"54":2,"55":2,"56":3,"57":3,"58":1,"59":1,"60":1,"61":1,"62":2,"63":2,"64":2,"65":2,"66":0,"67":0,"68":0,"69":0,"70":0,"71":0,"72":0,"73":2,"74":2,"75":1,"76":1,"77":23,"78":23,"79":1,"80":1,"81":2,"82":2,"83":9,"84":3,"85":1,"86":2,"87":2,"88":9,"89":7,"90":1,"91":1,"92":0,"93":0,"94":0,"95":0,"96":0,"97":0,"98":0,"99":0,"100":0,"101":0,"102":0},"f":{"0":14,"1":7,"2":1,"3":10,"4":3,"5":7,"6":5,"7":2,"8":0,"9":0,"10":0,"11":23,"12":2,"13":0},"b":{"0":[3,3],"1":[6,6],"2":[4,1],"3":[1,2],"4":[3,6],"5":[9,9],"6":[1,2],"7":[7,2],"8":[9,9,3],"9":[0,0],"10":[0,0,0,0]},"_coverageSchema":"1a1c01bbd47fc00a2c39e90264f33305004495a9","hash":"23fbd45ec21049046d8b8ce7169aef791777206f"}
,"C:\\Users\\bowen\\OneDrive\\Desktop\\GatewayRevamp\\server\\app\\controllers\\refresh-token.js": {"path":"C:\\Users\\bowen\\OneDrive\\Desktop\\GatewayRevamp\\server\\app\\controllers\\refresh-token.js","statementMap":{"0":{"start":{"line":1,"column":19},"end":{"line":1,"column":51}},"1":{"start":{"line":2,"column":23},"end":{"line":2,"column":38}},"2":{"start":{"line":5,"column":0},"end":{"line":13,"column":1}},"3":{"start":{"line":6,"column":20},"end":{"line":6,"column":30}},"4":{"start":{"line":7,"column":2},"end":{"line":7,"column":80}},"5":{"start":{"line":9,"column":17},"end":{"line":9,"column":25}},"6":{"start":{"line":12,"column":2},"end":{"line":12,"column":15}}},"fnMap":{"0":{"name":"(anonymous_0)","decl":{"start":{"line":5,"column":22},"end":{"line":5,"column":23}},"loc":{"start":{"line":5,"column":32},"end":{"line":13,"column":1}},"line":5}},"branchMap":{},"s":{"0":2,"1":2,"2":2,"3":2,"4":2,"5":2,"6":2},"f":{"0":2},"b":{},"_coverageSchema":"1a1c01bbd47fc00a2c39e90264f33305004495a9","hash":"f1940ac5c65571536cee441b79470247e9fbde88"}
,"C:\\Users\\bowen\\OneDrive\\Desktop\\GatewayRevamp\\server\\app\\controllers\\user-auth.js": {"path":"C:\\Users\\bowen\\OneDrive\\Desktop\\GatewayRevamp\\server\\app\\controllers\\user-auth.js","statementMap":{"0":{"start":{"line":1,"column":12},"end":{"line":1,"column":35}},"1":{"start":{"line":2,"column":15},"end":{"line":2,"column":34}},"2":{"start":{"line":3,"column":15},"end":{"line":3,"column":47}},"3":{"start":{"line":4,"column":24},"end":{"line":4,"column":50}},"4":{"start":{"line":5,"column":20},"end":{"line":5,"column":39}},"5":{"start":{"line":6,"column":18},"end":{"line":6,"column":70}},"6":{"start":{"line":7,"column":15},"end":{"line":7,"column":64}},"7":{"start":{"line":12,"column":22},"end":{"line":16,"column":1}},"8":{"start":{"line":13,"column":21},"end":{"line":13,"column":194}},"9":{"start":{"line":14,"column":24},"end":{"line":14,"column":90}},"10":{"start":{"line":15,"column":2},"end":{"line":15,"column":36}},"11":{"start":{"line":17,"column":0},"end":{"line":17,"column":37}},"12":{"start":{"line":20,"column":29},"end":{"line":30,"column":1}},"13":{"start":{"line":21,"column":21},"end":{"line":21,"column":194}},"14":{"start":{"line":22,"column":24},"end":{"line":22,"column":90}},"15":{"start":{"line":23,"column":21},"end":{"line":23,"column":53}},"16":{"start":{"line":24,"column":21},"end":{"line":24,"column":53}},"17":{"start":{"line":25,"column":24},"end":{"line":25,"column":73}},"18":{"start":{"line":26,"column":25},"end":{"line":26,"column":76}},"19":{"start":{"line":27,"column":21},"end":{"line":27,"column":61}},"20":{"start":{"line":28,"column":24},"end":{"line":28,"column":77}},"21":{"start":{"line":29,"column":2},"end":{"line":29,"column":130}},"22":{"start":{"line":32,"column":0},"end":{"line":32,"column":51}},"23":{"start":{"line":34,"column":0},"end":{"line":77,"column":1}},"24":{"start":{"line":35,"column":28},"end":{"line":35,"column":51}},"25":{"start":{"line":37,"column":13},"end":{"line":37,"column":28}},"26":{"start":{"line":38,"column":2},"end":{"line":76,"column":3}},"27":{"start":{"line":39,"column":4},"end":{"line":73,"column":5}},"28":{"start":{"line":40,"column":18},"end":{"line":40,"column":58}},"29":{"start":{"line":41,"column":19},"end":{"line":41,"column":47}},"30":{"start":{"line":42,"column":6},"end":{"line":70,"column":7}},"31":{"start":{"line":43,"column":26},"end":{"line":43,"column":33}},"32":{"start":{"line":44,"column":8},"end":{"line":67,"column":9}},"33":{"start":{"line":45,"column":34},"end":{"line":45,"column":82}},"34":{"start":{"line":46,"column":10},"end":{"line":64,"column":11}},"35":{"start":{"line":47,"column":12},"end":{"line":47,"column":66}},"36":{"start":{"line":49,"column":12},"end":{"line":49,"column":69}},"37":{"start":{"line":50,"column":27},"end":{"line":50,"column":39}},"38":{"start":{"line":51,"column":26},"end":{"line":51,"column":102}},"39":{"start":{"line":52,"column":33},"end":{"line":52,"column":52}},"40":{"start":{"line":53,"column":26},"end":{"line":53,"column":119}},"41":{"start":{"line":54,"column":12},"end":{"line":63,"column":14}},"42":{"start":{"line":66,"column":10},"end":{"line":66,"column":64}},"43":{"start":{"line":69,"column":8},"end":{"line":69,"column":60}},"44":{"start":{"line":72,"column":6},"end":{"line":72,"column":60}},"45":{"start":{"line":75,"column":4},"end":{"line":75,"column":50}},"46":{"start":{"line":79,"column":0},"end":{"line":99,"column":1}},"47":{"start":{"line":80,"column":82},"end":{"line":80,"column":90}},"48":{"start":{"line":83,"column":13},"end":{"line":83,"column":28}},"49":{"start":{"line":85,"column":28},"end":{"line":85,"column":56}},"50":{"start":{"line":86,"column":2},"end":{"line":98,"column":3}},"51":{"start":{"line":87,"column":4},"end":{"line":95,"column":5}},"52":{"start":{"line":88,"column":18},"end":{"line":88,"column":132}},"53":{"start":{"line":89,"column":27},"end":{"line":89,"column":119}},"54":{"start":{"line":90,"column":6},"end":{"line":90,"column":76}},"55":{"start":{"line":91,"column":6},"end":{"line":91,"column":55}},"56":{"start":{"line":92,"column":6},"end":{"line":92,"column":84}},"57":{"start":{"line":94,"column":6},"end":{"line":94,"column":88}},"58":{"start":{"line":97,"column":4},"end":{"line":97,"column":64}},"59":{"start":{"line":101,"column":0},"end":{"line":107,"column":1}},"60":{"start":{"line":103,"column":41},"end":{"line":103,"column":49}},"61":{"start":{"line":104,"column":2},"end":{"line":106,"column":3}},"62":{"start":{"line":105,"column":4},"end":{"line":105,"column":73}}},"fnMap":{"0":{"name":"(anonymous_0)","decl":{"start":{"line":12,"column":22},"end":{"line":12,"column":23}},"loc":{"start":{"line":12,"column":43},"end":{"line":16,"column":1}},"line":12},"1":{"name":"(anonymous_1)","decl":{"start":{"line":20,"column":29},"end":{"line":20,"column":30}},"loc":{"start":{"line":20,"column":102},"end":{"line":30,"column":1}},"line":20},"2":{"name":"(anonymous_2)","decl":{"start":{"line":34,"column":16},"end":{"line":34,"column":17}},"loc":{"start":{"line":34,"column":36},"end":{"line":77,"column":1}},"line":34},"3":{"name":"(anonymous_3)","decl":{"start":{"line":79,"column":19},"end":{"line":79,"column":20}},"loc":{"start":{"line":79,"column":39},"end":{"line":99,"column":1}},"line":79},"4":{"name":"(anonymous_4)","decl":{"start":{"line":101,"column":23},"end":{"line":101,"column":24}},"loc":{"start":{"line":101,"column":37},"end":{"line":107,"column":1}},"line":101}},"branchMap":{"0":{"loc":{"start":{"line":15,"column":9},"end":{"line":15,"column":36}},"type":"binary-expr","locations":[{"start":{"line":15,"column":9},"end":{"line":15,"column":19}},{"start":{"line":15,"column":23},"end":{"line":15,"column":36}}],"line":15},"1":{"loc":{"start":{"line":25,"column":24},"end":{"line":25,"column":73}},"type":"binary-expr","locations":[{"start":{"line":25,"column":24},"end":{"line":25,"column":41}},{"start":{"line":25,"column":45},"end":{"line":25,"column":73}}],"line":25},"2":{"loc":{"start":{"line":26,"column":25},"end":{"line":26,"column":76}},"type":"binary-expr","locations":[{"start":{"line":26,"column":25},"end":{"line":26,"column":43}},{"start":{"line":26,"column":47},"end":{"line":26,"column":76}}],"line":26},"3":{"loc":{"start":{"line":27,"column":21},"end":{"line":27,"column":61}},"type":"binary-expr","locations":[{"start":{"line":27,"column":21},"end":{"line":27,"column":35}},{"start":{"line":27,"column":39},"end":{"line":27,"column":61}}],"line":27},"4":{"loc":{"start":{"line":28,"column":24},"end":{"line":28,"column":77}},"type":"binary-expr","locations":[{"start":{"line":28,"column":24},"end":{"line":28,"column":41}},{"start":{"line":28,"column":45},"end":{"line":28,"column":77}}],"line":28},"5":{"loc":{"start":{"line":29,"column":9},"end":{"line":29,"column":130}},"type":"binary-expr","locations":[{"start":{"line":29,"column":9},"end":{"line":29,"column":19}},{"start":{"line":29,"column":23},"end":{"line":29,"column":36}},{"start":{"line":29,"column":40},"end":{"line":29,"column":50}},{"start":{"line":29,"column":54},"end":{"line":29,"column":64}},{"start":{"line":29,"column":68},"end":{"line":29,"column":81}},{"start":{"line":29,"column":85},"end":{"line":29,"column":95}},{"start":{"line":29,"column":99},"end":{"line":29,"column":113}},{"start":{"line":29,"column":117},"end":{"line":29,"column":130}}],"line":29},"6":{"loc":{"start":{"line":39,"column":4},"end":{"line":73,"column":5}},"type":"if","locations":[{"start":{"line":39,"column":4},"end":{"line":73,"column":5}},{"start":{"line":71,"column":11},"end":{"line":73,"column":5}}],"line":39},"7":{"loc":{"start":{"line":42,"column":6},"end":{"line":70,"column":7}},"type":"if","locations":[{"start":{"line":42,"column":6},"end":{"line":70,"column":7}},{"start":{"line":68,"column":13},"end":{"line":70,"column":7}}],"line":42},"8":{"loc":{"start":{"line":42,"column":10},"end":{"line":42,"column":33}},"type":"binary-expr","locations":[{"start":{"line":42,"column":10},"end":{"line":42,"column":14}},{"start":{"line":42,"column":18},"end":{"line":42,"column":33}}],"line":42},"9":{"loc":{"start":{"line":44,"column":8},"end":{"line":67,"column":9}},"type":"if","locations":[{"start":{"line":44,"column":8},"end":{"line":67,"column":9}},{"start":{"line":65,"column":15},"end":{"line":67,"column":9}}],"line":44},"10":{"loc":{"start":{"line":46,"column":10},"end":{"line":64,"column":11}},"type":"if","locations":[{"start":{"line":46,"column":10},"end":{"line":64,"column":11}},{"start":{"line":48,"column":17},"end":{"line":64,"column":11}}],"line":46},"11":{"loc":{"start":{"line":57,"column":21},"end":{"line":57,"column":51}},"type":"cond-expr","locations":[{"start":{"line":57,"column":29},"end":{"line":57,"column":42}},{"start":{"line":57,"column":45},"end":{"line":57,"column":51}}],"line":57},"12":{"loc":{"start":{"line":87,"column":4},"end":{"line":95,"column":5}},"type":"if","locations":[{"start":{"line":87,"column":4},"end":{"line":95,"column":5}},{"start":{"line":93,"column":11},"end":{"line":95,"column":5}}],"line":87},"13":{"loc":{"start":{"line":104,"column":2},"end":{"line":106,"column":3}},"type":"if","locations":[{"start":{"line":104,"column":2},"end":{"line":106,"column":3}},{"start":{},"end":{}}],"line":104}},"s":{"0":1,"1":1,"2":1,"3":1,"4":1,"5":1,"6":1,"7":1,"8":8,"9":8,"10":8,"11":1,"12":1,"13":7,"14":7,"15":7,"16":7,"17":7,"18":7,"19":7,"20":7,"21":7,"22":1,"23":1,"24":5,"25":5,"26":5,"27":5,"28":3,"29":3,"30":3,"31":2,"32":2,"33":2,"34":2,"35":1,"36":1,"37":1,"38":1,"39":1,"40":1,"41":1,"42":0,"43":1,"44":2,"45":0,"46":1,"47":5,"48":5,"49":5,"50":5,"51":5,"52":4,"53":4,"54":4,"55":4,"56":4,"57":1,"58":0,"59":1,"60":1,"61":1,"62":1},"f":{"0":8,"1":7,"2":5,"3":5,"4":1},"b":{"0":[8,7],"1":[7,7],"2":[7,7],"3":[7,7],"4":[7,7],"5":[7,7,6,5,5,5,5,5],"6":[3,2],"7":[2,1],"8":[3,3],"9":[2,0],"10":[1,1],"11":[1,0],"12":[4,1],"13":[1,0]},"_coverageSchema":"1a1c01bbd47fc00a2c39e90264f33305004495a9","hash":"f2f0119c29cfcd43e599145f35842996708de415"}
,"C:\\Users\\bowen\\OneDrive\\Desktop\\GatewayRevamp\\server\\app\\model\\helpers.js": {"path":"C:\\Users\\bowen\\OneDrive\\Desktop\\GatewayRevamp\\server\\app\\model\\helpers.js","statementMap":{"0":{"start":{"line":1,"column":11},"end":{"line":1,"column":24}},"1":{"start":{"line":2,"column":13},"end":{"line":2,"column":28}},"2":{"start":{"line":4,"column":15},"end":{"line":4,"column":35}},"3":{"start":{"line":7,"column":13},"end":{"line":7,"column":40}},"4":{"start":{"line":8,"column":13},"end":{"line":8,"column":41}},"5":{"start":{"line":9,"column":2},"end":{"line":20,"column":3}},"6":{"start":{"line":10,"column":4},"end":{"line":15,"column":6}},"7":{"start":{"line":11,"column":6},"end":{"line":11,"column":28}},"8":{"start":{"line":12,"column":6},"end":{"line":12,"column":28}},"9":{"start":{"line":13,"column":6},"end":{"line":13,"column":30}},"10":{"start":{"line":14,"column":6},"end":{"line":14,"column":17}},"11":{"start":{"line":17,"column":4},"end":{"line":17,"column":16}},"12":{"start":{"line":18,"column":4},"end":{"line":18,"column":12}},"13":{"start":{"line":19,"column":4},"end":{"line":19,"column":15}},"14":{"start":{"line":24,"column":17},"end":{"line":24,"column":46}},"15":{"start":{"line":25,"column":17},"end":{"line":25,"column":43}},"16":{"start":{"line":26,"column":2},"end":{"line":26,"column":32}},"17":{"start":{"line":29,"column":0},"end":{"line":29,"column":32}}},"fnMap":{"0":{"name":"copyFile","decl":{"start":{"line":6,"column":15},"end":{"line":6,"column":23}},"loc":{"start":{"line":6,"column":41},"end":{"line":21,"column":1}},"line":6},"1":{"name":"(anonymous_1)","decl":{"start":{"line":10,"column":29},"end":{"line":10,"column":30}},"loc":{"start":{"line":10,"column":56},"end":{"line":15,"column":5}},"line":10},"2":{"name":"setUpTestDB","decl":{"start":{"line":23,"column":15},"end":{"line":23,"column":26}},"loc":{"start":{"line":23,"column":49},"end":{"line":27,"column":1}},"line":23}},"branchMap":{},"s":{"0":3,"1":3,"2":3,"3":45,"4":45,"5":45,"6":45,"7":45,"8":45,"9":45,"10":45,"11":0,"12":0,"13":0,"14":45,"15":45,"16":45,"17":3},"f":{"0":45,"1":45,"2":45},"b":{},"_coverageSchema":"1a1c01bbd47fc00a2c39e90264f33305004495a9","hash":"06f585ba2147a3137023d35fce7144fbff080b9b"}
,"C:\\Users\\bowen\\OneDrive\\Desktop\\GatewayRevamp\\server\\app\\model\\index.js": {"path":"C:\\Users\\bowen\\OneDrive\\Desktop\\GatewayRevamp\\server\\app\\model\\index.js","statementMap":{"0":{"start":{"line":1,"column":13},"end":{"line":1,"column":28}},"1":{"start":{"line":3,"column":21},"end":{"line":3,"column":41}},"2":{"start":{"line":4,"column":24},"end":{"line":4,"column":44}},"3":{"start":{"line":7,"column":16},"end":{"line":19,"column":1}},"4":{"start":{"line":8,"column":15},"end":{"line":8,"column":24}},"5":{"start":{"line":9,"column":2},"end":{"line":11,"column":3}},"6":{"start":{"line":10,"column":4},"end":{"line":10,"column":26}},"7":{"start":{"line":12,"column":19},"end":{"line":12,"column":50}},"8":{"start":{"line":13,"column":2},"end":{"line":18,"column":3}},"9":{"start":{"line":14,"column":4},"end":{"line":14,"column":13}},"10":{"start":{"line":16,"column":4},"end":{"line":16,"column":38}},"11":{"start":{"line":17,"column":4},"end":{"line":17,"column":13}},"12":{"start":{"line":21,"column":0},"end":{"line":21,"column":41}}},"fnMap":{"0":{"name":"(anonymous_0)","decl":{"start":{"line":7,"column":16},"end":{"line":7,"column":17}},"loc":{"start":{"line":7,"column":28},"end":{"line":19,"column":1}},"line":7}},"branchMap":{"0":{"loc":{"start":{"line":9,"column":2},"end":{"line":11,"column":3}},"type":"if","locations":[{"start":{"line":9,"column":2},"end":{"line":11,"column":3}},{"start":{},"end":{}}],"line":9},"1":{"loc":{"start":{"line":13,"column":2},"end":{"line":18,"column":3}},"type":"if","locations":[{"start":{"line":13,"column":2},"end":{"line":18,"column":3}},{"start":{"line":15,"column":9},"end":{"line":18,"column":3}}],"line":13}},"s":{"0":3,"1":3,"2":3,"3":3,"4":81,"5":81,"6":81,"7":81,"8":81,"9":78,"10":3,"11":3,"12":3},"f":{"0":81},"b":{"0":[81,0],"1":[78,3]},"_coverageSchema":"1a1c01bbd47fc00a2c39e90264f33305004495a9","hash":"3220c757b51c047dc8b110aa7fe80fd61d5ac65d"}
}
