TN:
SF:server\app\controllers\planner.js
FN:6,(anonymous_0)
FN:38,(anonymous_1)
FN:42,(anonymous_2)
FN:44,(anonymous_3)
FN:45,(anonymous_4)
FN:46,(anonymous_5)
FN:58,(anonymous_6)
FN:89,(anonymous_7)
FN:91,(anonymous_8)
FN:91,(anonymous_9)
FN:110,(anonymous_10)
FN:134,(anonymous_11)
FN:139,(anonymous_12)
FN:139,(anonymous_13)
FN:140,(anonymous_14)
FN:140,(anonymous_15)
FN:143,(anonymous_16)
FN:163,(anonymous_17)
FN:183,(anonymous_18)
FN:219,(anonymous_19)
FN:242,(anonymous_20)
FN:265,(anonymous_21)
FNF:22
FNH:18
FNDA:8,(anonymous_0)
FNDA:9,(anonymous_1)
FNDA:48,(anonymous_2)
FNDA:2,(anonymous_3)
FNDA:0,(anonymous_4)
FNDA:0,(anonymous_5)
FNDA:1,(anonymous_6)
FNDA:9,(anonymous_7)
FNDA:40,(anonymous_8)
FNDA:1,(anonymous_9)
FNDA:7,(anonymous_10)
FNDA:2,(anonymous_11)
FNDA:8,(anonymous_12)
FNDA:0,(anonymous_13)
FNDA:8,(anonymous_14)
FNDA:0,(anonymous_15)
FNDA:2,(anonymous_16)
FNDA:3,(anonymous_17)
FNDA:3,(anonymous_18)
FNDA:10,(anonymous_19)
FNDA:2,(anonymous_20)
FNDA:4,(anonymous_21)
DA:2,2
DA:3,2
DA:4,2
DA:6,2
DA:8,8
DA:9,8
DA:10,8
DA:11,8
DA:13,8
DA:14,8
DA:17,8
DA:18,8
DA:19,8
DA:20,61
DA:21,61
DA:22,61
DA:25,61
DA:26,31
DA:27,31
DA:29,30
DA:33,8
DA:36,2
DA:38,2
DA:39,9
DA:40,9
DA:41,6
DA:42,48
DA:43,6
DA:44,2
DA:45,1
DA:46,1
DA:47,0
DA:48,0
DA:53,9
DA:56,2
DA:58,2
DA:59,1
DA:60,1
DA:61,1
DA:63,1
DA:64,1
DA:65,1
DA:66,1
DA:67,1
DA:68,1
DA:69,1
DA:70,1
DA:71,1
DA:73,0
DA:74,0
DA:77,0
DA:78,0
DA:89,2
DA:90,9
DA:91,40
DA:92,9
DA:93,8
DA:94,8
DA:95,8
DA:96,6
DA:98,2
DA:101,1
DA:104,2
DA:110,2
DA:111,7
DA:112,7
DA:113,7
DA:114,7
DA:116,7
DA:117,7
DA:118,7
DA:120,0
DA:123,0
DA:127,2
DA:134,2
DA:135,2
DA:136,2
DA:137,2
DA:138,2
DA:139,8
DA:140,8
DA:141,1
DA:142,1
DA:143,1
DA:144,2
DA:146,1
DA:147,1
DA:149,0
DA:152,0
DA:155,1
DA:163,2
DA:164,3
DA:165,3
DA:166,3
DA:170,3
DA:171,3
DA:173,0
DA:177,2
DA:183,2
DA:184,3
DA:185,3
DA:187,3
DA:188,147
DA:189,147
DA:190,54
DA:191,54
DA:197,93
DA:209,3
DA:212,2
DA:219,2
DA:220,10
DA:221,10
DA:222,10
DA:223,10
DA:225,10
DA:226,7
DA:228,3
DA:230,10
DA:232,0
DA:236,2
DA:242,2
DA:243,2
DA:244,2
DA:245,2
DA:246,2
DA:247,2
DA:248,2
DA:249,2
DA:250,2
DA:251,2
DA:253,0
DA:256,0
DA:265,2
DA:266,4
DA:267,4
DA:268,4
DA:269,4
DA:270,4
DA:272,0
DA:276,2
LF:140
LH:125
BRDA:11,0,0,8
BRDA:11,0,1,0
BRDA:11,1,0,8
BRDA:11,1,1,8
BRDA:25,2,0,31
BRDA:25,2,1,30
BRDA:40,3,0,6
BRDA:40,3,1,3
BRDA:40,4,0,9
BRDA:40,4,1,9
BRDA:43,5,0,1
BRDA:43,5,1,5
BRDA:43,6,0,6
BRDA:43,6,1,6
BRDA:43,6,2,1
BRDA:44,7,0,2
BRDA:44,7,1,2
BRDA:44,7,2,2
BRDA:44,7,3,2
BRDA:47,8,0,0
BRDA:47,8,1,0
BRDA:92,9,0,8
BRDA:92,9,1,1
BRDA:116,10,0,7
BRDA:116,10,1,0
BRDA:138,11,0,1
BRDA:138,11,1,1
BRDA:138,12,0,2
BRDA:138,12,1,2
BRDA:141,13,0,1
BRDA:141,13,1,0
BRDA:189,14,0,54
BRDA:189,14,1,93
BRDA:193,15,0,48
BRDA:193,15,1,6
BRDA:194,16,0,9
BRDA:194,16,1,45
BRDA:194,17,0,54
BRDA:194,17,1,15
BRDA:199,18,0,66
BRDA:199,18,1,27
BRDA:205,19,0,48
BRDA:205,19,1,45
BRDA:225,20,0,7
BRDA:225,20,1,3
BRDA:225,21,0,10
BRDA:225,21,1,7
BRDA:225,21,2,7
BRDA:245,22,0,2
BRDA:245,22,1,0
BRDA:249,23,0,2
BRDA:249,23,1,0
BRDA:249,24,0,2
BRDA:249,24,1,2
BRF:54
BRH:47
end_of_record
TN:
SF:server\app\controllers\progress.js
FN:4,(anonymous_0)
FN:12,(anonymous_1)
FN:29,(anonymous_2)
FN:50,(anonymous_3)
FN:56,(anonymous_4)
FN:74,(anonymous_5)
FN:93,(anonymous_6)
FN:127,(anonymous_7)
FN:132,(anonymous_8)
FN:133,(anonymous_9)
FN:134,(anonymous_10)
FN:148,(anonymous_11)
FN:158,(anonymous_12)
FN:181,(anonymous_13)
FNF:14
FNH:10
FNDA:14,(anonymous_0)
FNDA:7,(anonymous_1)
FNDA:1,(anonymous_2)
FNDA:10,(anonymous_3)
FNDA:3,(anonymous_4)
FNDA:7,(anonymous_5)
FNDA:5,(anonymous_6)
FNDA:2,(anonymous_7)
FNDA:0,(anonymous_8)
FNDA:0,(anonymous_9)
FNDA:0,(anonymous_10)
FNDA:23,(anonymous_11)
FNDA:2,(anonymous_12)
FNDA:0,(anonymous_13)
DA:2,1
DA:3,1
DA:4,14
DA:12,1
DA:13,7
DA:14,7
DA:15,7
DA:16,7
DA:17,6
DA:19,1
DA:23,1
DA:29,1
DA:30,1
DA:31,1
DA:32,1
DA:35,1
DA:36,0
DA:38,1
DA:39,1
DA:43,1
DA:50,1
DA:51,10
DA:52,10
DA:53,10
DA:54,10
DA:55,6
DA:56,3
DA:57,3
DA:59,3
DA:62,4
DA:63,4
DA:67,1
DA:74,1
DA:75,7
DA:76,7
DA:77,7
DA:78,7
DA:79,6
DA:81,1
DA:85,1
DA:93,1
DA:94,5
DA:95,5
DA:96,5
DA:98,5
DA:99,5
DA:100,5
DA:101,5
DA:102,4
DA:103,3
DA:104,1
DA:105,1
DA:107,2
DA:108,2
DA:110,3
DA:111,3
DA:113,1
DA:116,1
DA:117,1
DA:127,1
DA:128,2
DA:129,2
DA:130,2
DA:131,2
DA:132,0
DA:133,0
DA:134,0
DA:135,0
DA:137,2
DA:138,2
DA:142,1
DA:148,1
DA:149,23
DA:150,23
DA:153,1
DA:158,1
DA:159,2
DA:160,2
DA:161,9
DA:162,3
DA:163,1
DA:165,2
DA:169,2
DA:170,9
DA:171,7
DA:176,1
DA:181,1
DA:182,0
DA:183,0
DA:184,0
DA:185,0
DA:186,0
DA:187,0
DA:188,0
DA:189,0
DA:191,0
DA:194,0
DA:195,0
LF:98
LH:82
BRDA:55,0,0,3
BRDA:55,0,1,3
BRDA:55,1,0,6
BRDA:55,1,1,6
BRDA:101,2,0,4
BRDA:101,2,1,1
BRDA:103,3,0,1
BRDA:103,3,1,2
BRDA:161,4,0,3
BRDA:161,4,1,6
BRDA:161,5,0,9
BRDA:161,5,1,9
BRDA:162,6,0,1
BRDA:162,6,1,2
BRDA:170,7,0,7
BRDA:170,7,1,2
BRDA:170,8,0,9
BRDA:170,8,1,9
BRDA:170,8,2,3
BRDA:187,9,0,0
BRDA:187,9,1,0
BRDA:187,10,0,0
BRDA:187,10,1,0
BRDA:187,10,2,0
BRDA:187,10,3,0
BRF:25
BRH:19
end_of_record
TN:
SF:server\app\controllers\refresh-token.js
FN:5,(anonymous_0)
FNF:1
FNH:1
FNDA:2,(anonymous_0)
DA:1,2
DA:2,2
DA:5,2
DA:6,2
DA:7,2
DA:9,2
DA:12,2
LF:7
LH:7
BRF:0
BRH:0
end_of_record
TN:
SF:server\app\controllers\user-auth.js
FN:12,(anonymous_0)
FN:20,(anonymous_1)
FN:34,(anonymous_2)
FN:79,(anonymous_3)
FN:101,(anonymous_4)
FNF:5
FNH:5
FNDA:8,(anonymous_0)
FNDA:7,(anonymous_1)
FNDA:5,(anonymous_2)
FNDA:5,(anonymous_3)
FNDA:1,(anonymous_4)
DA:1,1
DA:2,1
DA:3,1
DA:4,1
DA:5,1
DA:6,1
DA:7,1
DA:12,1
DA:13,8
DA:14,8
DA:15,8
DA:17,1
DA:20,1
DA:21,7
DA:22,7
DA:23,7
DA:24,7
DA:25,7
DA:26,7
DA:27,7
DA:28,7
DA:29,7
DA:32,1
DA:34,1
DA:35,5
DA:37,5
DA:38,5
DA:39,5
DA:40,3
DA:41,3
DA:42,3
DA:43,2
DA:44,2
DA:45,2
DA:46,2
DA:47,1
DA:49,1
DA:50,1
DA:51,1
DA:52,1
DA:53,1
DA:54,1
DA:66,0
DA:69,1
DA:72,2
DA:75,0
DA:79,1
DA:80,5
DA:83,5
DA:85,5
DA:86,5
DA:87,5
DA:88,4
DA:89,4
DA:90,4
DA:91,4
DA:92,4
DA:94,1
DA:97,0
DA:101,1
DA:103,1
DA:104,1
DA:105,1
LF:63
LH:60
BRDA:15,0,0,8
BRDA:15,0,1,7
BRDA:25,1,0,7
BRDA:25,1,1,7
BRDA:26,2,0,7
BRDA:26,2,1,7
BRDA:27,3,0,7
BRDA:27,3,1,7
BRDA:28,4,0,7
BRDA:28,4,1,7
BRDA:29,5,0,7
BRDA:29,5,1,7
BRDA:29,5,2,6
BRDA:29,5,3,5
BRDA:29,5,4,5
BRDA:29,5,5,5
BRDA:29,5,6,5
BRDA:29,5,7,5
BRDA:39,6,0,3
BRDA:39,6,1,2
BRDA:42,7,0,2
BRDA:42,7,1,1
BRDA:42,8,0,3
BRDA:42,8,1,3
BRDA:44,9,0,2
BRDA:44,9,1,0
BRDA:46,10,0,1
BRDA:46,10,1,1
BRDA:57,11,0,1
BRDA:57,11,1,0
BRDA:87,12,0,4
BRDA:87,12,1,1
BRDA:104,13,0,1
BRDA:104,13,1,0
BRF:34
BRH:31
end_of_record
TN:
SF:server\app\model\helpers.js
FN:6,copyFile
FN:10,(anonymous_1)
FN:23,setUpTestDB
FNF:3
FNH:3
FNDA:45,copyFile
FNDA:45,(anonymous_1)
FNDA:45,setUpTestDB
DA:1,3
DA:2,3
DA:4,3
DA:7,45
DA:8,45
DA:9,45
DA:10,45
DA:11,45
DA:12,45
DA:13,45
DA:14,45
DA:17,0
DA:18,0
DA:19,0
DA:24,45
DA:25,45
DA:26,45
DA:29,3
LF:18
LH:15
BRF:0
BRH:0
end_of_record
TN:
SF:server\app\model\index.js
FN:7,(anonymous_0)
FNF:1
FNH:1
FNDA:81,(anonymous_0)
DA:1,3
DA:3,3
DA:4,3
DA:7,3
DA:8,81
DA:9,81
DA:10,81
DA:12,81
DA:13,81
DA:14,78
DA:16,3
DA:17,3
DA:21,3
LF:13
LH:13
BRDA:9,0,0,81
BRDA:9,0,1,0
BRDA:13,1,0,78
BRDA:13,1,1,3
BRF:4
BRH:3
end_of_record
