TN:
SF:server\app\controllers\planner.js
FN:6,(anonymous_0)
FN:38,(anonymous_1)
FN:42,(anonymous_2)
FN:44,(anonymous_3)
FN:45,(anonymous_4)
FN:46,(anonymous_5)
FN:58,(anonymous_6)
FN:82,(anonymous_7)
FN:84,(anonymous_8)
FN:84,(anonymous_9)
FN:99,(anonymous_10)
FN:118,(anonymous_11)
FN:124,(anonymous_12)
FN:137,(anonymous_13)
FN:151,(anonymous_14)
FN:182,(anonymous_15)
FN:201,(anonymous_16)
FN:221,(anonymous_17)
FNF:18
FNH:17
FNDA:6,(anonymous_0)
FNDA:5,(anonymous_1)
FNDA:32,(anonymous_2)
FNDA:20,(anonymous_3)
FNDA:13,(anonymous_4)
FNDA:13,(anonymous_5)
FNDA:0,(anonymous_6)
FNDA:11,(anonymous_7)
FNDA:40,(anonymous_8)
FNDA:1,(anonymous_9)
FNDA:4,(anonymous_10)
FNDA:1,(anonymous_11)
FNDA:2,(anonymous_12)
FNDA:2,(anonymous_13)
FNDA:2,(anonymous_14)
FNDA:6,(anonymous_15)
FNDA:1,(anonymous_16)
FNDA:3,(anonymous_17)
DA:2,2
DA:3,2
DA:4,2
DA:6,2
DA:8,6
DA:9,6
DA:10,6
DA:11,6
DA:13,6
DA:14,6
DA:17,6
DA:18,6
DA:19,6
DA:20,45
DA:21,45
DA:22,45
DA:25,45
DA:26,23
DA:27,23
DA:29,22
DA:33,6
DA:36,2
DA:38,2
DA:39,5
DA:40,5
DA:41,4
DA:42,32
DA:43,4
DA:44,20
DA:45,13
DA:46,4
DA:47,13
DA:48,13
DA:53,5
DA:56,2
DA:58,2
DA:59,0
DA:60,0
DA:61,0
DA:63,0
DA:64,0
DA:65,0
DA:66,0
DA:67,0
DA:68,0
DA:69,0
DA:70,0
DA:71,0
DA:73,0
DA:74,0
DA:77,0
DA:78,0
DA:82,2
DA:83,11
DA:84,40
DA:85,11
DA:86,10
DA:87,10
DA:88,10
DA:89,10
DA:91,0
DA:94,1
DA:97,2
DA:99,2
DA:100,4
DA:101,4
DA:102,4
DA:103,4
DA:105,4
DA:106,4
DA:107,4
DA:109,0
DA:112,0
DA:116,2
DA:118,2
DA:119,1
DA:120,1
DA:121,1
DA:122,1
DA:123,1
DA:124,1
DA:125,2
DA:127,1
DA:128,1
DA:130,0
DA:133,0
DA:137,2
DA:138,2
DA:139,2
DA:140,2
DA:144,2
DA:145,2
DA:147,0
DA:151,2
DA:152,2
DA:153,2
DA:155,2
DA:156,98
DA:157,98
DA:158,36
DA:159,36
DA:165,62
DA:177,2
DA:180,2
DA:182,2
DA:183,6
DA:184,6
DA:185,6
DA:186,6
DA:188,6
DA:189,5
DA:191,1
DA:193,6
DA:195,0
DA:199,2
DA:201,2
DA:202,1
DA:203,1
DA:204,1
DA:205,1
DA:206,1
DA:207,1
DA:208,1
DA:209,1
DA:210,1
DA:211,1
DA:213,0
DA:216,0
DA:221,2
DA:222,3
DA:223,3
DA:224,3
DA:225,3
DA:226,3
DA:228,0
DA:232,2
LF:136
LH:110
BRDA:11,0,0,6
BRDA:11,0,1,0
BRDA:11,1,0,6
BRDA:11,1,1,6
BRDA:25,2,0,23
BRDA:25,2,1,22
BRDA:40,3,0,4
BRDA:40,3,1,1
BRDA:40,4,0,5
BRDA:40,4,1,5
BRDA:43,5,0,4
BRDA:43,5,1,0
BRDA:43,6,0,4
BRDA:43,6,1,4
BRDA:43,6,2,4
BRDA:44,7,0,20
BRDA:44,7,1,20
BRDA:44,7,2,20
BRDA:44,7,3,20
BRDA:47,8,0,13
BRDA:47,8,1,0
BRDA:85,9,0,10
BRDA:85,9,1,1
BRDA:105,10,0,4
BRDA:105,10,1,0
BRDA:122,11,0,1
BRDA:122,11,1,0
BRDA:122,12,0,1
BRDA:122,12,1,1
BRDA:157,13,0,36
BRDA:157,13,1,62
BRDA:161,14,0,32
BRDA:161,14,1,4
BRDA:162,15,0,6
BRDA:162,15,1,30
BRDA:162,16,0,36
BRDA:162,16,1,10
BRDA:167,17,0,44
BRDA:167,17,1,18
BRDA:173,18,0,32
BRDA:173,18,1,30
BRDA:188,19,0,5
BRDA:188,19,1,1
BRDA:188,20,0,6
BRDA:188,20,1,5
BRDA:188,20,2,5
BRDA:204,21,0,1
BRDA:204,21,1,0
BRDA:208,22,0,1
BRDA:208,22,1,0
BRDA:208,23,0,1
BRDA:208,23,1,1
BRF:52
BRH:45
end_of_record
TN:
SF:server\app\controllers\progress.js
FN:4,(anonymous_0)
FN:12,(anonymous_1)
FN:25,(anonymous_2)
FN:41,(anonymous_3)
FN:47,(anonymous_4)
FN:63,(anonymous_5)
FN:80,(anonymous_6)
FN:108,(anonymous_7)
FN:114,(anonymous_8)
FN:115,(anonymous_9)
FN:116,(anonymous_10)
FN:133,(anonymous_11)
FN:143,(anonymous_12)
FN:166,(anonymous_13)
FNF:14
FNH:13
FNDA:14,(anonymous_0)
FNDA:2,(anonymous_1)
FNDA:3,(anonymous_2)
FNDA:7,(anonymous_3)
FNDA:0,(anonymous_4)
FNDA:4,(anonymous_5)
FNDA:4,(anonymous_6)
FNDA:3,(anonymous_7)
FNDA:29,(anonymous_8)
FNDA:93,(anonymous_9)
FNDA:5,(anonymous_10)
FNDA:63,(anonymous_11)
FNDA:3,(anonymous_12)
FNDA:1,(anonymous_13)
DA:2,1
DA:3,1
DA:4,14
DA:12,1
DA:13,2
DA:14,2
DA:15,2
DA:16,2
DA:17,2
DA:19,0
DA:23,1
DA:25,1
DA:26,3
DA:27,3
DA:28,3
DA:31,3
DA:32,3
DA:34,0
DA:35,0
DA:39,1
DA:41,1
DA:42,7
DA:43,7
DA:44,7
DA:45,7
DA:46,7
DA:47,0
DA:48,0
DA:50,7
DA:53,0
DA:54,0
DA:58,1
DA:63,1
DA:64,4
DA:65,4
DA:66,4
DA:67,4
DA:68,4
DA:70,0
DA:80,1
DA:81,4
DA:82,4
DA:83,4
DA:85,4
DA:86,4
DA:87,4
DA:88,4
DA:89,0
DA:90,0
DA:91,0
DA:92,0
DA:94,0
DA:95,0
DA:97,0
DA:98,0
DA:100,4
DA:103,0
DA:104,0
DA:108,1
DA:109,3
DA:110,3
DA:111,3
DA:112,3
DA:113,3
DA:114,29
DA:115,93
DA:116,5
DA:117,3
DA:119,0
DA:122,0
DA:123,0
DA:127,1
DA:133,1
DA:134,63
DA:135,63
DA:138,1
DA:143,1
DA:144,3
DA:145,3
DA:146,32
DA:147,6
DA:148,3
DA:150,3
DA:154,3
DA:155,32
DA:156,24
DA:161,1
DA:166,1
DA:167,1
DA:168,1
DA:169,1
DA:170,1
DA:171,1
DA:172,1
DA:173,1
DA:174,1
DA:176,0
DA:179,0
DA:180,0
LF:99
LH:75
BRDA:46,0,0,0
BRDA:46,0,1,7
BRDA:46,1,0,7
BRDA:46,1,1,7
BRDA:88,2,0,0
BRDA:88,2,1,4
BRDA:90,3,0,0
BRDA:90,3,1,0
BRDA:113,4,0,3
BRDA:113,4,1,0
BRDA:146,5,0,6
BRDA:146,5,1,26
BRDA:146,6,0,32
BRDA:146,6,1,29
BRDA:147,7,0,3
BRDA:147,7,1,3
BRDA:155,8,0,24
BRDA:155,8,1,8
BRDA:155,9,0,32
BRDA:155,9,1,29
BRDA:155,9,2,6
BRDA:172,10,0,1
BRDA:172,10,1,0
BRDA:172,11,0,1
BRDA:172,11,1,1
BRDA:172,11,2,1
BRDA:172,11,3,1
BRF:27
BRH:21
end_of_record
TN:
SF:server\app\controllers\refresh-token.js
FN:5,(anonymous_0)
FNF:1
FNH:1
FNDA:1,(anonymous_0)
DA:1,2
DA:2,2
DA:5,2
DA:6,1
DA:7,1
DA:9,1
DA:12,1
LF:7
LH:7
BRF:0
BRH:0
end_of_record
TN:
SF:server\app\controllers\user-auth.js
FN:12,(anonymous_0)
FN:19,(anonymous_1)
FN:31,(anonymous_2)
FN:78,(anonymous_3)
FN:101,(anonymous_4)
FNF:5
FNH:4
FNDA:3,(anonymous_0)
FNDA:3,(anonymous_1)
FNDA:3,(anonymous_2)
FNDA:3,(anonymous_3)
FNDA:0,(anonymous_4)
DA:1,1
DA:2,1
DA:3,1
DA:4,1
DA:5,1
DA:6,1
DA:7,1
DA:12,1
DA:13,3
DA:14,3
DA:15,3
DA:19,1
DA:20,3
DA:21,3
DA:22,3
DA:23,3
DA:24,3
DA:25,3
DA:26,3
DA:27,3
DA:28,3
DA:31,1
DA:32,3
DA:34,3
DA:35,3
DA:36,3
DA:37,0
DA:38,0
DA:39,0
DA:40,0
DA:41,0
DA:42,0
DA:43,0
DA:44,0
DA:46,0
DA:47,0
DA:48,0
DA:49,0
DA:50,0
DA:51,0
DA:52,0
DA:64,0
DA:67,0
DA:70,3
DA:73,0
DA:74,0
DA:78,1
DA:79,3
DA:82,3
DA:84,3
DA:85,3
DA:86,3
DA:87,0
DA:88,0
DA:89,0
DA:90,0
DA:91,0
DA:93,3
DA:96,0
DA:97,0
DA:101,1
DA:103,0
DA:104,0
DA:105,0
LF:64
LH:35
BRDA:15,0,0,3
BRDA:15,0,1,3
BRDA:24,1,0,3
BRDA:24,1,1,3
BRDA:25,2,0,3
BRDA:25,2,1,3
BRDA:26,3,0,3
BRDA:26,3,1,3
BRDA:27,4,0,3
BRDA:27,4,1,3
BRDA:28,5,0,3
BRDA:28,5,1,3
BRDA:28,5,2,0
BRDA:28,5,3,0
BRDA:28,5,4,0
BRDA:28,5,5,0
BRDA:28,5,6,0
BRDA:28,5,7,0
BRDA:36,6,0,0
BRDA:36,6,1,3
BRDA:39,7,0,0
BRDA:39,7,1,0
BRDA:39,8,0,0
BRDA:39,8,1,0
BRDA:41,9,0,0
BRDA:41,9,1,0
BRDA:43,10,0,0
BRDA:43,10,1,0
BRDA:86,11,0,0
BRDA:86,11,1,3
BRDA:104,12,0,0
BRDA:104,12,1,0
BRF:32
BRH:14
end_of_record
TN:
SF:server\app\model\helpers.js
FN:6,copyFile
FN:10,(anonymous_1)
FN:23,setUpTestDB
FNF:3
FNH:3
FNDA:28,copyFile
FNDA:28,(anonymous_1)
FNDA:28,setUpTestDB
DA:1,3
DA:2,3
DA:4,3
DA:7,28
DA:8,28
DA:9,28
DA:10,28
DA:11,28
DA:12,28
DA:13,28
DA:14,28
DA:17,0
DA:18,0
DA:19,0
DA:24,28
DA:25,28
DA:26,28
DA:29,3
LF:18
LH:15
BRF:0
BRH:0
end_of_record
TN:
SF:server\app\model\index.js
FN:7,(anonymous_0)
FNF:1
FNH:1
FNDA:58,(anonymous_0)
DA:1,3
DA:3,3
DA:4,3
DA:7,3
DA:8,58
DA:9,58
DA:10,58
DA:12,58
DA:13,58
DA:14,0
DA:16,58
DA:17,58
DA:21,3
LF:13
LH:12
BRDA:9,0,0,58
BRDA:9,0,1,0
BRDA:13,1,0,0
BRDA:13,1,1,58
BRF:4
BRH:2
end_of_record
